{
"contracts/BaseVault.sol":{"l":{"41":117,"42":117,"43":117,"44":117,"45":117,"46":117,"47":117,"48":117,"62":1,"63":1,"67":1,"68":1,"72":1,"73":1,"77":1,"78":1,"82":1,"83":1,"89":1,"90":1,"96":1,"97":1,"103":1,"104":1,"108":55,"116":43,"120":15,"128":1,"136":9,"140":43},"path":"/Users/nhutdang/Desktop/openeden/OpenEdenVault/openeden.smartcontracts/contracts/BaseVault.sol","s":{"1":1,"2":1,"3":1,"4":1,"5":1,"6":1,"7":1,"8":1,"9":55,"10":43,"11":15,"12":1,"13":9,"14":43},"b":{"1":[1,1],"2":[1,1],"3":[1,1],"4":[1,1],"5":[1,1],"6":[1,1],"7":[1,1],"8":[1,1]},"f":{"1":117,"2":1,"3":1,"4":1,"5":1,"6":1,"7":1,"8":1,"9":1,"10":55,"11":43,"12":15,"13":1,"14":9,"15":43},"fnMap":{"1":{"name":"constructor","line":29,"loc":{"start":{"line":29,"column":4},"end":{"line":49,"column":4}}},"2":{"name":"setTransactionFee","line":61,"loc":{"start":{"line":61,"column":4},"end":{"line":64,"column":4}}},"3":{"name":"setFirstDeposit","line":66,"loc":{"start":{"line":66,"column":4},"end":{"line":69,"column":4}}},"4":{"name":"setMinDeposit","line":71,"loc":{"start":{"line":71,"column":4},"end":{"line":74,"column":4}}},"5":{"name":"setMaxDeposit","line":76,"loc":{"start":{"line":76,"column":4},"end":{"line":79,"column":4}}},"6":{"name":"setMaxWithdraw","line":81,"loc":{"start":{"line":81,"column":4},"end":{"line":84,"column":4}}},"7":{"name":"setTargetReservesLevel","line":88,"loc":{"start":{"line":86,"column":4},"end":{"line":91,"column":4}}},"8":{"name":"setOnchainServiceFeeRate","line":95,"loc":{"start":{"line":93,"column":4},"end":{"line":98,"column":4}}},"9":{"name":"setOffchainServiceFeeRate","line":102,"loc":{"start":{"line":100,"column":4},"end":{"line":105,"column":4}}},"10":{"name":"getTransactionFee","line":107,"loc":{"start":{"line":107,"column":4},"end":{"line":109,"column":4}}},"11":{"name":"getMinMaxDeposit","line":111,"loc":{"start":{"line":111,"column":4},"end":{"line":117,"column":4}}},"12":{"name":"getMaxWithdraw","line":119,"loc":{"start":{"line":119,"column":4},"end":{"line":121,"column":4}}},"13":{"name":"getTargetReservesLevel","line":123,"loc":{"start":{"line":123,"column":4},"end":{"line":129,"column":4}}},"14":{"name":"getOnchainAndOffChainServiceFeeRate","line":131,"loc":{"start":{"line":131,"column":4},"end":{"line":137,"column":4}}},"15":{"name":"getFirstDeposit","line":139,"loc":{"start":{"line":139,"column":4},"end":{"line":141,"column":4}}}},"statementMap":{"1":{"start":{"line":63,"column":8},"end":{"line":63,"column":46}},"2":{"start":{"line":68,"column":8},"end":{"line":68,"column":42}},"3":{"start":{"line":73,"column":8},"end":{"line":73,"column":38}},"4":{"start":{"line":78,"column":8},"end":{"line":78,"column":38}},"5":{"start":{"line":83,"column":8},"end":{"line":83,"column":40}},"6":{"start":{"line":90,"column":8},"end":{"line":90,"column":56}},"7":{"start":{"line":97,"column":8},"end":{"line":97,"column":60}},"8":{"start":{"line":104,"column":8},"end":{"line":104,"column":62}},"9":{"start":{"line":108,"column":8},"end":{"line":108,"column":30}},"10":{"start":{"line":116,"column":8},"end":{"line":116,"column":41}},"11":{"start":{"line":120,"column":8},"end":{"line":120,"column":27}},"12":{"start":{"line":128,"column":8},"end":{"line":128,"column":35}},"13":{"start":{"line":136,"column":8},"end":{"line":136,"column":64}},"14":{"start":{"line":140,"column":8},"end":{"line":140,"column":28}}},"branchMap":{"1":{"line":61,"type":"if","locations":[{"start":{"line":61,"column":64},"end":{"line":61,"column":64}},{"start":{"line":61,"column":64},"end":{"line":61,"column":64}}]},"2":{"line":66,"type":"if","locations":[{"start":{"line":66,"column":60},"end":{"line":66,"column":60}},{"start":{"line":66,"column":60},"end":{"line":66,"column":60}}]},"3":{"line":71,"type":"if","locations":[{"start":{"line":71,"column":56},"end":{"line":71,"column":56}},{"start":{"line":71,"column":56},"end":{"line":71,"column":56}}]},"4":{"line":76,"type":"if","locations":[{"start":{"line":76,"column":56},"end":{"line":76,"column":56}},{"start":{"line":76,"column":56},"end":{"line":76,"column":56}}]},"5":{"line":81,"type":"if","locations":[{"start":{"line":81,"column":58},"end":{"line":81,"column":58}},{"start":{"line":81,"column":58},"end":{"line":81,"column":58}}]},"6":{"line":88,"type":"if","locations":[{"start":{"line":88,"column":15},"end":{"line":88,"column":15}},{"start":{"line":88,"column":15},"end":{"line":88,"column":15}}]},"7":{"line":95,"type":"if","locations":[{"start":{"line":95,"column":15},"end":{"line":95,"column":15}},{"start":{"line":95,"column":15},"end":{"line":95,"column":15}}]},"8":{"line":102,"type":"if","locations":[{"start":{"line":102,"column":15},"end":{"line":102,"column":15}},{"start":{"line":102,"column":15},"end":{"line":102,"column":15}}]}}},
"contracts/ChainlinkAccessor.sol":{"l":{"54":36,"55":36,"56":36,"57":36,"58":36,"60":36,"61":36,"62":36,"71":59,"78":59,"82":59,"83":8,"85":51,"88":59,"89":59,"90":59,"92":59,"95":59,"104":2,"110":58,"111":58,"112":58,"120":2,"121":2,"125":2,"126":2,"130":2,"131":2,"135":2,"136":2,"140":2,"141":2,"147":2,"148":2},"path":"/Users/nhutdang/Desktop/openeden/OpenEdenVault/openeden.smartcontracts/contracts/ChainlinkAccessor.sol","s":{"1":36,"2":36,"3":36,"4":59,"5":59,"6":59,"7":8,"8":51,"9":59,"10":59,"11":59,"12":2,"13":2,"14":2,"15":2,"16":2,"17":2,"18":2},"b":{"1":[8,51]},"f":{"1":36,"2":59,"3":2,"4":58,"5":2,"6":2,"7":2,"8":2,"9":2,"10":2},"fnMap":{"1":{"name":"init","line":49,"loc":{"start":{"line":49,"column":4},"end":{"line":63,"column":4}}},"2":{"name":"_requestTotalOffchainAssets","line":65,"loc":{"start":{"line":65,"column":4},"end":{"line":97,"column":4}}},"3":{"name":"getChainLinkParameters","line":99,"loc":{"start":{"line":99,"column":4},"end":{"line":105,"column":4}}},"4":{"name":"getRequestData","line":107,"loc":{"start":{"line":107,"column":4},"end":{"line":113,"column":4}}},"5":{"name":"_setChainlinkOracleAddress","line":119,"loc":{"start":{"line":119,"column":4},"end":{"line":122,"column":4}}},"6":{"name":"_setChainlinkFee","line":124,"loc":{"start":{"line":124,"column":4},"end":{"line":127,"column":4}}},"7":{"name":"_setChainlinkJobId","line":129,"loc":{"start":{"line":129,"column":4},"end":{"line":132,"column":4}}},"8":{"name":"_setChainlinkURLData","line":134,"loc":{"start":{"line":134,"column":4},"end":{"line":137,"column":4}}},"9":{"name":"_setPathToOffchainAssets","line":139,"loc":{"start":{"line":139,"column":4},"end":{"line":142,"column":4}}},"10":{"name":"_setPathToTotalOffchainAssetAtLastClose","line":144,"loc":{"start":{"line":144,"column":4},"end":{"line":149,"column":4}}}},"statementMap":{"1":{"start":{"line":60,"column":8},"end":{"line":60,"column":42}},"2":{"start":{"line":61,"column":8},"end":{"line":61,"column":40}},"3":{"start":{"line":62,"column":8},"end":{"line":62,"column":19}},"4":{"start":{"line":71,"column":8},"end":{"line":71,"column":2553}},"5":{"start":{"line":78,"column":8},"end":{"line":78,"column":2886}},"6":{"start":{"line":82,"column":8},"end":{"line":82,"column":2984}},"7":{"start":{"line":83,"column":12},"end":{"line":83,"column":71}},"8":{"start":{"line":85,"column":12},"end":{"line":85,"column":56}},"9":{"start":{"line":88,"column":8},"end":{"line":88,"column":51}},"10":{"start":{"line":89,"column":8},"end":{"line":89,"column":39}},"11":{"start":{"line":90,"column":8},"end":{"line":90,"column":78}},"12":{"start":{"line":120,"column":8},"end":{"line":120,"column":43}},"13":{"start":{"line":121,"column":8},"end":{"line":121,"column":50}},"14":{"start":{"line":126,"column":8},"end":{"line":126,"column":33}},"15":{"start":{"line":131,"column":8},"end":{"line":131,"column":37}},"16":{"start":{"line":136,"column":8},"end":{"line":136,"column":37}},"17":{"start":{"line":141,"column":8},"end":{"line":141,"column":42}},"18":{"start":{"line":148,"column":8},"end":{"line":148,"column":57}}},"branchMap":{"1":{"line":82,"type":"if","locations":[{"start":{"line":82,"column":8},"end":{"line":82,"column":8}},{"start":{"line":82,"column":8},"end":{"line":82,"column":8}}]}}},
"contracts/DoubleQueueModified.sol":{"l":{"54":5,"55":5,"56":5,"57":5,"69":1,"70":1,"71":1,"72":1,"73":1,"74":1,"86":2,"87":2,"88":2,"102":2,"103":2,"104":2,"108":2,"109":2,"114":2,"118":2,"128":0,"129":0,"138":9,"139":9,"147":12},"path":"/Users/nhutdang/Desktop/openeden/OpenEdenVault/openeden.smartcontracts/contracts/DoubleQueueModified.sol","s":{"1":5,"2":1,"3":1,"4":2,"5":2,"6":2,"7":2,"8":2,"9":2,"10":2,"11":2,"12":2,"13":9,"14":12},"b":{"1":[0,1],"2":[0,2],"3":[0,2],"4":[2,0],"5":[2,0]},"f":{"1":5,"2":1,"3":2,"4":2,"5":2,"6":2,"7":0,"8":9,"9":12},"fnMap":{"1":{"name":"pushBack","line":53,"loc":{"start":{"line":53,"column":4},"end":{"line":59,"column":4}}},"2":{"name":"popFront","line":66,"loc":{"start":{"line":66,"column":4},"end":{"line":76,"column":4}}},"3":{"name":"front","line":83,"loc":{"start":{"line":83,"column":4},"end":{"line":89,"column":4}}},"4":{"name":"at","line":97,"loc":{"start":{"line":97,"column":4},"end":{"line":105,"column":4}}},"5":{"name":"_toInt128","line":107,"loc":{"start":{"line":107,"column":4},"end":{"line":110,"column":4}}},"6":{"name":"_toInt256","line":112,"loc":{"start":{"line":112,"column":4},"end":{"line":119,"column":4}}},"7":{"name":"clear","line":127,"loc":{"start":{"line":127,"column":4},"end":{"line":130,"column":4}}},"8":{"name":"length","line":135,"loc":{"start":{"line":135,"column":4},"end":{"line":141,"column":4}}},"9":{"name":"empty","line":146,"loc":{"start":{"line":146,"column":4},"end":{"line":148,"column":4}}}},"statementMap":{"1":{"start":{"line":54,"column":8},"end":{"line":54,"column":37}},"2":{"start":{"line":69,"column":8},"end":{"line":69,"column":40}},"3":{"start":{"line":70,"column":8},"end":{"line":70,"column":40}},"4":{"start":{"line":86,"column":8},"end":{"line":86,"column":40}},"5":{"start":{"line":87,"column":8},"end":{"line":87,"column":40}},"6":{"start":{"line":88,"column":8},"end":{"line":88,"column":38}},"7":{"start":{"line":102,"column":8},"end":{"line":102,"column":71}},"8":{"start":{"line":103,"column":8},"end":{"line":103,"column":51}},"9":{"start":{"line":104,"column":8},"end":{"line":104,"column":31}},"10":{"start":{"line":109,"column":8},"end":{"line":109,"column":78}},"11":{"start":{"line":114,"column":8},"end":{"line":114,"column":4148}},"12":{"start":{"line":118,"column":8},"end":{"line":118,"column":28}},"13":{"start":{"line":139,"column":12},"end":{"line":139,"column":69}},"14":{"start":{"line":147,"column":8},"end":{"line":147,"column":41}}},"branchMap":{"1":{"line":69,"type":"if","locations":[{"start":{"line":69,"column":8},"end":{"line":69,"column":8}},{"start":{"line":69,"column":8},"end":{"line":69,"column":8}}]},"2":{"line":86,"type":"if","locations":[{"start":{"line":86,"column":8},"end":{"line":86,"column":8}},{"start":{"line":86,"column":8},"end":{"line":86,"column":8}}]},"3":{"line":103,"type":"if","locations":[{"start":{"line":103,"column":8},"end":{"line":103,"column":8}},{"start":{"line":103,"column":8},"end":{"line":103,"column":8}}]},"4":{"line":109,"type":"if","locations":[{"start":{"line":109,"column":8},"end":{"line":109,"column":8}},{"start":{"line":109,"column":8},"end":{"line":109,"column":8}}]},"5":{"line":114,"type":"if","locations":[{"start":{"line":114,"column":8},"end":{"line":114,"column":8}},{"start":{"line":114,"column":8},"end":{"line":114,"column":8}}]}}},
"contracts/external/chainlink/Chainlink.sol":{"l":{"39":59,"40":59,"41":59,"42":59,"43":59,"53":0,"54":0,"68":118,"69":118,"83":0,"84":0,"98":59,"99":59,"113":0,"114":0,"128":0,"129":0,"130":0,"131":0,"133":0},"path":"/Users/nhutdang/Desktop/openeden/OpenEdenVault/openeden.smartcontracts/contracts/external/chainlink/Chainlink.sol","s":{"1":59,"2":59,"3":0,"4":0,"5":118,"6":118,"7":0,"8":0,"9":59,"10":59,"11":0,"12":0,"13":0,"14":0,"15":0,"16":0,"17":0},"b":{},"f":{"1":59,"2":0,"3":118,"4":0,"5":59,"6":0,"7":0},"fnMap":{"1":{"name":"initialize","line":33,"loc":{"start":{"line":33,"column":2},"end":{"line":44,"column":2}}},"2":{"name":"setBuffer","line":52,"loc":{"start":{"line":52,"column":2},"end":{"line":55,"column":2}}},"3":{"name":"add","line":63,"loc":{"start":{"line":63,"column":2},"end":{"line":70,"column":2}}},"4":{"name":"addBytes","line":78,"loc":{"start":{"line":78,"column":2},"end":{"line":85,"column":2}}},"5":{"name":"addInt","line":93,"loc":{"start":{"line":93,"column":2},"end":{"line":100,"column":2}}},"6":{"name":"addUint","line":108,"loc":{"start":{"line":108,"column":2},"end":{"line":115,"column":2}}},"7":{"name":"addStringArray","line":123,"loc":{"start":{"line":123,"column":2},"end":{"line":134,"column":2}}}},"statementMap":{"1":{"start":{"line":39,"column":4},"end":{"line":39,"column":52}},"2":{"start":{"line":43,"column":4},"end":{"line":43,"column":15}},"3":{"start":{"line":53,"column":4},"end":{"line":53,"column":46}},"4":{"start":{"line":54,"column":4},"end":{"line":54,"column":41}},"5":{"start":{"line":68,"column":4},"end":{"line":68,"column":29}},"6":{"start":{"line":69,"column":4},"end":{"line":69,"column":31}},"7":{"start":{"line":83,"column":4},"end":{"line":83,"column":29}},"8":{"start":{"line":84,"column":4},"end":{"line":84,"column":30}},"9":{"start":{"line":98,"column":4},"end":{"line":98,"column":29}},"10":{"start":{"line":99,"column":4},"end":{"line":99,"column":28}},"11":{"start":{"line":113,"column":4},"end":{"line":113,"column":29}},"12":{"start":{"line":114,"column":4},"end":{"line":114,"column":29}},"13":{"start":{"line":128,"column":4},"end":{"line":128,"column":29}},"14":{"start":{"line":129,"column":4},"end":{"line":129,"column":24}},"15":{"start":{"line":130,"column":4},"end":{"line":130,"column":3667}},"16":{"start":{"line":131,"column":6},"end":{"line":131,"column":37}},"17":{"start":{"line":133,"column":4},"end":{"line":133,"column":25}}},"branchMap":{}},
"contracts/external/chainlink/ChainlinkClientModified.sol":{"l":{"42":36,"57":59,"58":59,"71":0,"72":0,"86":59,"104":59,"105":59,"106":59,"117":59,"132":0,"151":0,"152":0,"153":0,"163":0,"180":59,"181":59,"182":59,"183":59,"205":0,"208":0,"209":0,"210":0,"224":0,"232":38,"240":36,"248":0,"256":0,"264":0,"277":0,"287":0,"288":0,"289":0,"292":0,"295":0,"296":0,"304":0,"307":0,"310":0,"334":58,"338":58,"339":58,"340":58,"348":0,"352":0},"path":"/Users/nhutdang/Desktop/openeden/OpenEdenVault/openeden.smartcontracts/contracts/external/chainlink/ChainlinkClientModified.sol","s":{"1":59,"2":59,"3":0,"4":0,"5":59,"6":59,"7":59,"8":59,"9":0,"10":0,"11":0,"12":0,"13":59,"14":59,"15":0,"16":0,"17":0,"18":0,"19":0,"20":0,"21":0,"22":0,"23":0,"24":0,"25":0,"26":0,"27":0,"28":0,"29":58,"30":58,"31":0},"b":{"1":[59,0],"2":[0,0],"3":[0,0],"4":[58,0],"5":[0,0]},"f":{"1":36,"2":59,"3":0,"4":59,"5":59,"6":0,"7":0,"8":59,"9":0,"10":0,"11":38,"12":36,"13":0,"14":0,"15":0,"16":0,"17":0,"18":0,"19":0,"20":58,"21":0},"fnMap":{"1":{"name":"init","line":41,"loc":{"start":{"line":41,"column":4},"end":{"line":43,"column":4}}},"2":{"name":"buildChainlinkRequest","line":52,"loc":{"start":{"line":52,"column":4},"end":{"line":59,"column":4}}},"3":{"name":"buildOperatorRequest","line":67,"loc":{"start":{"line":67,"column":4},"end":{"line":73,"column":4}}},"4":{"name":"sendChainlinkRequest","line":82,"loc":{"start":{"line":82,"column":4},"end":{"line":87,"column":4}}},"5":{"name":"sendChainlinkRequestTo","line":99,"loc":{"start":{"line":99,"column":4},"end":{"line":118,"column":4}}},"6":{"name":"sendOperatorRequest","line":128,"loc":{"start":{"line":128,"column":4},"end":{"line":133,"column":4}}},"7":{"name":"sendOperatorRequestTo","line":146,"loc":{"start":{"line":146,"column":4},"end":{"line":164,"column":4}}},"8":{"name":"_rawRequest","line":174,"loc":{"start":{"line":174,"column":4},"end":{"line":187,"column":4}}},"9":{"name":"cancelChainlinkRequest","line":199,"loc":{"start":{"line":199,"column":4},"end":{"line":216,"column":4}}},"10":{"name":"getNextRequestCount","line":223,"loc":{"start":{"line":223,"column":4},"end":{"line":225,"column":4}}},"11":{"name":"setChainlinkOracle","line":231,"loc":{"start":{"line":231,"column":4},"end":{"line":233,"column":4}}},"12":{"name":"setChainlinkToken","line":239,"loc":{"start":{"line":239,"column":4},"end":{"line":241,"column":4}}},"13":{"name":"setPublicChainlinkToken","line":247,"loc":{"start":{"line":247,"column":4},"end":{"line":249,"column":4}}},"14":{"name":"chainlinkTokenAddress","line":255,"loc":{"start":{"line":255,"column":4},"end":{"line":257,"column":4}}},"15":{"name":"chainlinkOracleAddress","line":263,"loc":{"start":{"line":263,"column":4},"end":{"line":265,"column":4}}},"16":{"name":"addChainlinkExternalRequest","line":276,"loc":{"start":{"line":273,"column":4},"end":{"line":278,"column":4}}},"17":{"name":"useChainlinkWithENS","line":286,"loc":{"start":{"line":286,"column":4},"end":{"line":297,"column":4}}},"18":{"name":"updateChainlinkOracleWithENS","line":303,"loc":{"start":{"line":303,"column":4},"end":{"line":311,"column":4}}},"19":{"name":"validateChainlinkCallback","line":322,"loc":{"start":{"line":318,"column":4},"end":{"line":326,"column":4}}},"20":{"name":"recordChainlinkFulfillment","line":333,"loc":{"start":{"line":333,"column":4},"end":{"line":341,"column":4}}},"21":{"name":"notPendingRequest","line":347,"loc":{"start":{"line":347,"column":4},"end":{"line":353,"column":4}}}},"statementMap":{"1":{"start":{"line":57,"column":8},"end":{"line":57,"column":36}},"2":{"start":{"line":58,"column":8},"end":{"line":58,"column":78}},"3":{"start":{"line":71,"column":8},"end":{"line":71,"column":36}},"4":{"start":{"line":72,"column":8},"end":{"line":72,"column":79}},"5":{"start":{"line":86,"column":8},"end":{"line":86,"column":70}},"6":{"start":{"line":104,"column":8},"end":{"line":104,"column":38}},"7":{"start":{"line":106,"column":8},"end":{"line":106,"column":4206}},"8":{"start":{"line":117,"column":8},"end":{"line":117,"column":73}},"9":{"start":{"line":132,"column":8},"end":{"line":132,"column":69}},"10":{"start":{"line":151,"column":8},"end":{"line":151,"column":38}},"11":{"start":{"line":153,"column":8},"end":{"line":153,"column":6228}},"12":{"start":{"line":163,"column":8},"end":{"line":163,"column":73}},"13":{"start":{"line":182,"column":8},"end":{"line":182,"column":42}},"14":{"start":{"line":183,"column":8},"end":{"line":183,"column":7503}},"15":{"start":{"line":205,"column":8},"end":{"line":205,"column":8359}},"16":{"start":{"line":209,"column":8},"end":{"line":209,"column":42}},"17":{"start":{"line":210,"column":8},"end":{"line":210,"column":8556}},"18":{"start":{"line":224,"column":8},"end":{"line":224,"column":29}},"19":{"start":{"line":248,"column":8},"end":{"line":248,"column":75}},"20":{"start":{"line":256,"column":8},"end":{"line":256,"column":30}},"21":{"start":{"line":264,"column":8},"end":{"line":264,"column":32}},"22":{"start":{"line":289,"column":8},"end":{"line":289,"column":11173}},"23":{"start":{"line":292,"column":8},"end":{"line":292,"column":11284}},"24":{"start":{"line":295,"column":8},"end":{"line":295,"column":52}},"25":{"start":{"line":296,"column":8},"end":{"line":296,"column":37}},"26":{"start":{"line":304,"column":8},"end":{"line":304,"column":11754}},"27":{"start":{"line":307,"column":8},"end":{"line":307,"column":11868}},"28":{"start":{"line":310,"column":8},"end":{"line":310,"column":55}},"29":{"start":{"line":334,"column":8},"end":{"line":334,"column":12722}},"30":{"start":{"line":339,"column":8},"end":{"line":339,"column":42}},"31":{"start":{"line":348,"column":8},"end":{"line":348,"column":13145}}},"branchMap":{"1":{"line":183,"type":"if","locations":[{"start":{"line":183,"column":8},"end":{"line":183,"column":8}},{"start":{"line":183,"column":8},"end":{"line":183,"column":8}}]},"2":{"line":276,"type":"if","locations":[{"start":{"line":276,"column":15},"end":{"line":276,"column":15}},{"start":{"line":276,"column":15},"end":{"line":276,"column":15}}]},"3":{"line":322,"type":"if","locations":[{"start":{"line":322,"column":8},"end":{"line":322,"column":8}},{"start":{"line":322,"column":8},"end":{"line":322,"column":8}}]},"4":{"line":334,"type":"if","locations":[{"start":{"line":334,"column":8},"end":{"line":334,"column":8}},{"start":{"line":334,"column":8},"end":{"line":334,"column":8}}]},"5":{"line":348,"type":"if","locations":[{"start":{"line":348,"column":8},"end":{"line":348,"column":8}},{"start":{"line":348,"column":8},"end":{"line":348,"column":8}}]}}},
"contracts/external/chainlink/interfaces/ChainlinkRequestInterface.sol":{"l":{},"path":"/Users/nhutdang/Desktop/openeden/OpenEdenVault/openeden.smartcontracts/contracts/external/chainlink/interfaces/ChainlinkRequestInterface.sol","s":{},"b":{},"f":{},"fnMap":{},"statementMap":{},"branchMap":{}},
"contracts/external/chainlink/interfaces/ENSInterface.sol":{"l":{},"path":"/Users/nhutdang/Desktop/openeden/OpenEdenVault/openeden.smartcontracts/contracts/external/chainlink/interfaces/ENSInterface.sol","s":{},"b":{},"f":{},"fnMap":{},"statementMap":{},"branchMap":{}},
"contracts/external/chainlink/interfaces/LinkTokenInterface.sol":{"l":{},"path":"/Users/nhutdang/Desktop/openeden/OpenEdenVault/openeden.smartcontracts/contracts/external/chainlink/interfaces/LinkTokenInterface.sol","s":{},"b":{},"f":{},"fnMap":{},"statementMap":{},"branchMap":{}},
"contracts/external/chainlink/interfaces/OperatorInterface.sol":{"l":{},"path":"/Users/nhutdang/Desktop/openeden/OpenEdenVault/openeden.smartcontracts/contracts/external/chainlink/interfaces/OperatorInterface.sol","s":{},"b":{},"f":{},"fnMap":{},"statementMap":{},"branchMap":{}},
"contracts/external/chainlink/interfaces/OracleInterface.sol":{"l":{},"path":"/Users/nhutdang/Desktop/openeden/OpenEdenVault/openeden.smartcontracts/contracts/external/chainlink/interfaces/OracleInterface.sol","s":{},"b":{},"f":{},"fnMap":{},"statementMap":{},"branchMap":{}},
"contracts/external/chainlink/interfaces/PointerInterface.sol":{"l":{},"path":"/Users/nhutdang/Desktop/openeden/OpenEdenVault/openeden.smartcontracts/contracts/external/chainlink/interfaces/PointerInterface.sol","s":{},"b":{},"f":{},"fnMap":{},"statementMap":{},"branchMap":{}},
"contracts/external/chainlink/vendor/BufferChainlink.sol":{"l":{"30":59,"31":0,"34":59,"35":59,"41":59,"51":0,"52":0,"53":0,"54":0,"58":0,"59":0,"60":0,"64":0,"65":0,"67":0,"76":0,"80":0,"98":295,"100":295,"101":0,"104":295,"105":295,"106":295,"121":295,"122":67,"125":67,"126":67,"130":295,"131":295,"132":295,"139":295,"155":0,"166":295,"182":354,"183":0,"186":354,"199":354,"210":354,"228":0,"229":0,"232":0,"233":0,"235":0,"236":0,"248":0,"264":0,"275":0,"286":0,"304":126,"305":0,"308":126,"309":126,"320":126,"335":126},"path":"/Users/nhutdang/Desktop/openeden/OpenEdenVault/openeden.smartcontracts/contracts/external/chainlink/vendor/BufferChainlink.sol","s":{"1":59,"2":59,"3":0,"4":0,"5":0,"6":0,"7":0,"8":0,"9":0,"10":0,"11":0,"12":295,"13":295,"14":0,"15":295,"16":295,"17":295,"18":295,"19":295,"20":0,"21":295,"22":354,"23":0,"24":354,"25":354,"26":0,"27":0,"28":0,"29":0,"30":0,"31":0,"32":0,"33":126,"34":0,"35":126,"36":126,"37":126},"b":{"1":[0,59],"2":[0,0],"3":[295,0],"4":[0,295],"5":[0,354],"6":[0,0],"7":[0,126]},"f":{"1":59,"2":0,"3":0,"4":0,"5":0,"6":295,"7":0,"8":295,"9":354,"10":354,"11":0,"12":0,"13":0,"14":0,"15":126,"16":126},"fnMap":{"1":{"name":"init","line":29,"loc":{"start":{"line":29,"column":2},"end":{"line":42,"column":2}}},"2":{"name":"fromBytes","line":50,"loc":{"start":{"line":50,"column":2},"end":{"line":55,"column":2}}},"3":{"name":"resize","line":57,"loc":{"start":{"line":57,"column":2},"end":{"line":61,"column":2}}},"4":{"name":"max","line":63,"loc":{"start":{"line":63,"column":2},"end":{"line":68,"column":2}}},"5":{"name":"truncate","line":75,"loc":{"start":{"line":75,"column":2},"end":{"line":81,"column":2}}},"6":{"name":"write","line":92,"loc":{"start":{"line":92,"column":2},"end":{"line":140,"column":2}}},"7":{"name":"append","line":150,"loc":{"start":{"line":150,"column":2},"end":{"line":156,"column":2}}},"8":{"name":"append","line":165,"loc":{"start":{"line":165,"column":2},"end":{"line":167,"column":2}}},"9":{"name":"writeUint8","line":177,"loc":{"start":{"line":177,"column":2},"end":{"line":200,"column":2}}},"10":{"name":"appendUint8","line":209,"loc":{"start":{"line":209,"column":2},"end":{"line":211,"column":2}}},"11":{"name":"write","line":222,"loc":{"start":{"line":222,"column":2},"end":{"line":249,"column":2}}},"12":{"name":"writeBytes20","line":259,"loc":{"start":{"line":259,"column":2},"end":{"line":265,"column":2}}},"13":{"name":"appendBytes20","line":274,"loc":{"start":{"line":274,"column":2},"end":{"line":276,"column":2}}},"14":{"name":"appendBytes32","line":285,"loc":{"start":{"line":285,"column":2},"end":{"line":287,"column":2}}},"15":{"name":"writeInt","line":298,"loc":{"start":{"line":298,"column":2},"end":{"line":321,"column":2}}},"16":{"name":"appendInt","line":330,"loc":{"start":{"line":330,"column":2},"end":{"line":336,"column":2}}}},"statementMap":{"1":{"start":{"line":30,"column":4},"end":{"line":30,"column":1101}},"2":{"start":{"line":41,"column":4},"end":{"line":41,"column":14}},"3":{"start":{"line":51,"column":4},"end":{"line":51,"column":21}},"4":{"start":{"line":54,"column":4},"end":{"line":54,"column":14}},"5":{"start":{"line":58,"column":4},"end":{"line":58,"column":33}},"6":{"start":{"line":59,"column":4},"end":{"line":59,"column":22}},"7":{"start":{"line":60,"column":4},"end":{"line":60,"column":22}},"8":{"start":{"line":64,"column":4},"end":{"line":64,"column":2038}},"9":{"start":{"line":65,"column":6},"end":{"line":65,"column":14}},"10":{"start":{"line":67,"column":4},"end":{"line":67,"column":12}},"11":{"start":{"line":80,"column":4},"end":{"line":80,"column":14}},"12":{"start":{"line":98,"column":4},"end":{"line":98,"column":30}},"13":{"start":{"line":100,"column":4},"end":{"line":100,"column":2927}},"14":{"start":{"line":101,"column":6},"end":{"line":101,"column":50}},"15":{"start":{"line":104,"column":4},"end":{"line":104,"column":16}},"16":{"start":{"line":105,"column":4},"end":{"line":105,"column":15}},"17":{"start":{"line":121,"column":4},"end":{"line":121,"column":3549}},"18":{"start":{"line":131,"column":6},"end":{"line":131,"column":42}},"19":{"start":{"line":139,"column":4},"end":{"line":139,"column":14}},"20":{"start":{"line":155,"column":4},"end":{"line":155,"column":48}},"21":{"start":{"line":166,"column":4},"end":{"line":166,"column":56}},"22":{"start":{"line":182,"column":4},"end":{"line":182,"column":5277}},"23":{"start":{"line":183,"column":6},"end":{"line":183,"column":34}},"24":{"start":{"line":199,"column":4},"end":{"line":199,"column":14}},"25":{"start":{"line":210,"column":4},"end":{"line":210,"column":48}},"26":{"start":{"line":228,"column":4},"end":{"line":228,"column":6688}},"27":{"start":{"line":229,"column":6},"end":{"line":229,"column":33}},"28":{"start":{"line":233,"column":6},"end":{"line":233,"column":35}},"29":{"start":{"line":248,"column":4},"end":{"line":248,"column":14}},"30":{"start":{"line":264,"column":4},"end":{"line":264,"column":45}},"31":{"start":{"line":275,"column":4},"end":{"line":275,"column":56}},"32":{"start":{"line":286,"column":4},"end":{"line":286,"column":47}},"33":{"start":{"line":304,"column":4},"end":{"line":304,"column":9119}},"34":{"start":{"line":305,"column":6},"end":{"line":305,"column":33}},"35":{"start":{"line":308,"column":4},"end":{"line":308,"column":33}},"36":{"start":{"line":320,"column":4},"end":{"line":320,"column":14}},"37":{"start":{"line":335,"column":4},"end":{"line":335,"column":51}}},"branchMap":{"1":{"line":30,"type":"if","locations":[{"start":{"line":30,"column":4},"end":{"line":30,"column":4}},{"start":{"line":30,"column":4},"end":{"line":30,"column":4}}]},"2":{"line":64,"type":"if","locations":[{"start":{"line":64,"column":4},"end":{"line":64,"column":4}},{"start":{"line":64,"column":4},"end":{"line":64,"column":4}}]},"3":{"line":98,"type":"if","locations":[{"start":{"line":98,"column":4},"end":{"line":98,"column":4}},{"start":{"line":98,"column":4},"end":{"line":98,"column":4}}]},"4":{"line":100,"type":"if","locations":[{"start":{"line":100,"column":4},"end":{"line":100,"column":4}},{"start":{"line":100,"column":4},"end":{"line":100,"column":4}}]},"5":{"line":182,"type":"if","locations":[{"start":{"line":182,"column":4},"end":{"line":182,"column":4}},{"start":{"line":182,"column":4},"end":{"line":182,"column":4}}]},"6":{"line":228,"type":"if","locations":[{"start":{"line":228,"column":4},"end":{"line":228,"column":4}},{"start":{"line":228,"column":4},"end":{"line":228,"column":4}}]},"7":{"line":304,"type":"if","locations":[{"start":{"line":304,"column":4},"end":{"line":304,"column":4}},{"start":{"line":304,"column":4},"end":{"line":304,"column":4}}]}}},
"contracts/external/chainlink/vendor/CBORChainlink.sol":{"l":{"22":354,"23":228,"25":67,"26":67,"28":0,"29":0,"31":59,"32":59,"34":0,"35":0,"40":0,"44":0,"45":0,"47":0,"52":59,"53":0,"55":0,"57":59,"59":0,"64":0,"65":0,"69":0,"70":0,"74":0,"75":0,"79":295,"80":295,"84":0,"88":0,"92":0},"path":"/Users/nhutdang/Desktop/openeden/OpenEdenVault/openeden.smartcontracts/contracts/external/chainlink/vendor/CBORChainlink.sol","s":{"1":354,"2":228,"3":126,"4":67,"5":67,"6":59,"7":0,"8":0,"9":59,"10":59,"11":59,"12":0,"13":0,"14":0,"15":0,"16":0,"17":0,"18":59,"19":0,"20":59,"21":0,"22":59,"23":59,"24":0,"25":0,"26":0,"27":0,"28":0,"29":0,"30":0,"31":295,"32":295,"33":0,"34":0,"35":0},"b":{"1":[228,126],"2":[67,59],"3":[0,59],"4":[59,0],"5":[0,0],"6":[0,59],"7":[0,59],"8":[59,0]},"f":{"1":354,"2":0,"3":0,"4":59,"5":0,"6":0,"7":0,"8":295,"9":0,"10":0,"11":0},"fnMap":{"1":{"name":"encodeFixedNumeric","line":21,"loc":{"start":{"line":21,"column":2},"end":{"line":37,"column":2}}},"2":{"name":"encodeIndefiniteLengthType","line":39,"loc":{"start":{"line":39,"column":2},"end":{"line":41,"column":2}}},"3":{"name":"encodeUInt","line":43,"loc":{"start":{"line":43,"column":2},"end":{"line":49,"column":2}}},"4":{"name":"encodeInt","line":51,"loc":{"start":{"line":51,"column":2},"end":{"line":61,"column":2}}},"5":{"name":"encodeBytes","line":63,"loc":{"start":{"line":63,"column":2},"end":{"line":66,"column":2}}},"6":{"name":"encodeBigNum","line":68,"loc":{"start":{"line":68,"column":2},"end":{"line":71,"column":2}}},"7":{"name":"encodeSignedBigNum","line":73,"loc":{"start":{"line":73,"column":2},"end":{"line":76,"column":2}}},"8":{"name":"encodeString","line":78,"loc":{"start":{"line":78,"column":2},"end":{"line":81,"column":2}}},"9":{"name":"startArray","line":83,"loc":{"start":{"line":83,"column":2},"end":{"line":85,"column":2}}},"10":{"name":"startMap","line":87,"loc":{"start":{"line":87,"column":2},"end":{"line":89,"column":2}}},"11":{"name":"endSequence","line":91,"loc":{"start":{"line":91,"column":2},"end":{"line":93,"column":2}}}},"statementMap":{"1":{"start":{"line":22,"column":4},"end":{"line":22,"column":796}},"2":{"start":{"line":23,"column":6},"end":{"line":23,"column":49}},"3":{"start":{"line":24,"column":11},"end":{"line":24,"column":877}},"4":{"start":{"line":25,"column":6},"end":{"line":25,"column":46}},"5":{"start":{"line":26,"column":6},"end":{"line":26,"column":28}},"6":{"start":{"line":27,"column":11},"end":{"line":27,"column":989}},"7":{"start":{"line":28,"column":6},"end":{"line":28,"column":46}},"8":{"start":{"line":29,"column":6},"end":{"line":29,"column":28}},"9":{"start":{"line":30,"column":11},"end":{"line":30,"column":1103}},"10":{"start":{"line":31,"column":6},"end":{"line":31,"column":46}},"11":{"start":{"line":32,"column":6},"end":{"line":32,"column":28}},"12":{"start":{"line":34,"column":6},"end":{"line":34,"column":46}},"13":{"start":{"line":35,"column":6},"end":{"line":35,"column":28}},"14":{"start":{"line":40,"column":4},"end":{"line":40,"column":44}},"15":{"start":{"line":44,"column":4},"end":{"line":44,"column":1556}},"16":{"start":{"line":45,"column":6},"end":{"line":45,"column":29}},"17":{"start":{"line":47,"column":6},"end":{"line":47,"column":59}},"18":{"start":{"line":52,"column":4},"end":{"line":52,"column":1794}},"19":{"start":{"line":53,"column":6},"end":{"line":53,"column":35}},"20":{"start":{"line":54,"column":11},"end":{"line":54,"column":1878}},"21":{"start":{"line":55,"column":6},"end":{"line":55,"column":35}},"22":{"start":{"line":56,"column":11},"end":{"line":56,"column":1960}},"23":{"start":{"line":57,"column":6},"end":{"line":57,"column":68}},"24":{"start":{"line":59,"column":6},"end":{"line":59,"column":82}},"25":{"start":{"line":64,"column":4},"end":{"line":64,"column":66}},"26":{"start":{"line":65,"column":4},"end":{"line":65,"column":20}},"27":{"start":{"line":69,"column":4},"end":{"line":69,"column":66}},"28":{"start":{"line":70,"column":4},"end":{"line":70,"column":38}},"29":{"start":{"line":74,"column":4},"end":{"line":74,"column":75}},"30":{"start":{"line":75,"column":4},"end":{"line":75,"column":52}},"31":{"start":{"line":79,"column":4},"end":{"line":79,"column":74}},"32":{"start":{"line":80,"column":4},"end":{"line":80,"column":27}},"33":{"start":{"line":84,"column":4},"end":{"line":84,"column":52}},"34":{"start":{"line":88,"column":4},"end":{"line":88,"column":50}},"35":{"start":{"line":92,"column":4},"end":{"line":92,"column":59}}},"branchMap":{"1":{"line":22,"type":"if","locations":[{"start":{"line":22,"column":4},"end":{"line":22,"column":4}},{"start":{"line":22,"column":4},"end":{"line":22,"column":4}}]},"2":{"line":24,"type":"if","locations":[{"start":{"line":24,"column":11},"end":{"line":24,"column":11}},{"start":{"line":24,"column":11},"end":{"line":24,"column":11}}]},"3":{"line":27,"type":"if","locations":[{"start":{"line":27,"column":11},"end":{"line":27,"column":11}},{"start":{"line":27,"column":11},"end":{"line":27,"column":11}}]},"4":{"line":30,"type":"if","locations":[{"start":{"line":30,"column":11},"end":{"line":30,"column":11}},{"start":{"line":30,"column":11},"end":{"line":30,"column":11}}]},"5":{"line":44,"type":"if","locations":[{"start":{"line":44,"column":4},"end":{"line":44,"column":4}},{"start":{"line":44,"column":4},"end":{"line":44,"column":4}}]},"6":{"line":52,"type":"if","locations":[{"start":{"line":52,"column":4},"end":{"line":52,"column":4}},{"start":{"line":52,"column":4},"end":{"line":52,"column":4}}]},"7":{"line":54,"type":"if","locations":[{"start":{"line":54,"column":11},"end":{"line":54,"column":11}},{"start":{"line":54,"column":11},"end":{"line":54,"column":11}}]},"8":{"line":56,"type":"if","locations":[{"start":{"line":56,"column":11},"end":{"line":56,"column":11}},{"start":{"line":56,"column":11},"end":{"line":56,"column":11}}]}}},
"contracts/external/chainlink/vendor/ENSResolver.sol":{"l":{},"path":"/Users/nhutdang/Desktop/openeden/OpenEdenVault/openeden.smartcontracts/contracts/external/chainlink/vendor/ENSResolver.sol","s":{},"b":{},"f":{},"fnMap":{},"statementMap":{},"branchMap":{}},
"contracts/interfaces/Action.sol":{"l":{},"path":"/Users/nhutdang/Desktop/openeden/OpenEdenVault/openeden.smartcontracts/contracts/interfaces/Action.sol","s":{},"b":{},"f":{},"fnMap":{},"statementMap":{},"branchMap":{}},
"contracts/interfaces/IBaseVault.sol":{"l":{},"path":"/Users/nhutdang/Desktop/openeden/OpenEdenVault/openeden.smartcontracts/contracts/interfaces/IBaseVault.sol","s":{},"b":{},"f":{},"fnMap":{},"statementMap":{},"branchMap":{}},
"contracts/interfaces/IChainlinkAccessor.sol":{"l":{},"path":"/Users/nhutdang/Desktop/openeden/OpenEdenVault/openeden.smartcontracts/contracts/interfaces/IChainlinkAccessor.sol","s":{},"b":{},"f":{},"fnMap":{},"statementMap":{},"branchMap":{}},
"contracts/interfaces/IKycManager.sol":{"l":{},"path":"/Users/nhutdang/Desktop/openeden/OpenEdenVault/openeden.smartcontracts/contracts/interfaces/IKycManager.sol","s":{},"b":{},"f":{},"fnMap":{},"statementMap":{},"branchMap":{}},
"contracts/interfaces/IOpenEdenVault.sol":{"l":{},"path":"/Users/nhutdang/Desktop/openeden/OpenEdenVault/openeden.smartcontracts/contracts/interfaces/IOpenEdenVault.sol","s":{},"b":{},"f":{},"fnMap":{},"statementMap":{},"branchMap":{}},
"contracts/KycManager.sol":{"l":{"21":147,"26":146,"27":146,"28":146,"32":2,"33":2,"35":2,"39":1,"40":1,"41":1,"45":1,"46":1,"47":1,"51":2,"52":2,"61":1,"65":90,"69":70,"76":2,"80":3,"84":12,"88":2,"92":14},"path":"/Users/nhutdang/Desktop/openeden/OpenEdenVault/openeden.smartcontracts/contracts/KycManager.sol","s":{"1":147,"2":146,"3":146,"4":2,"5":2,"6":1,"7":1,"8":1,"9":1,"10":2,"11":90,"12":70,"13":2,"14":3,"15":12,"16":2,"17":14},"b":{"1":[147,1],"2":[146,1],"3":[37,109],"4":[2,1],"5":[1,1],"6":[1,1],"7":[2,1],"8":[88,2],"9":[64,6]},"f":{"1":147,"2":2,"3":1,"4":1,"5":2,"6":1,"7":90,"8":70,"9":2,"10":3,"11":12,"12":2,"13":14},"fnMap":{"1":{"name":"grantKyc","line":20,"loc":{"start":{"line":20,"column":4},"end":{"line":29,"column":4}}},"2":{"name":"revokeKyc","line":31,"loc":{"start":{"line":31,"column":4},"end":{"line":36,"column":4}}},"3":{"name":"banned","line":38,"loc":{"start":{"line":38,"column":4},"end":{"line":42,"column":4}}},"4":{"name":"unBanned","line":44,"loc":{"start":{"line":44,"column":4},"end":{"line":48,"column":4}}},"5":{"name":"setStrict","line":50,"loc":{"start":{"line":50,"column":4},"end":{"line":53,"column":4}}},"6":{"name":"getUserInfo","line":58,"loc":{"start":{"line":58,"column":4},"end":{"line":62,"column":4}}},"7":{"name":"onlyNotBanned","line":64,"loc":{"start":{"line":64,"column":4},"end":{"line":66,"column":4}}},"8":{"name":"onlyKyc","line":68,"loc":{"start":{"line":68,"column":4},"end":{"line":73,"column":4}}},"9":{"name":"isBanned","line":75,"loc":{"start":{"line":75,"column":4},"end":{"line":77,"column":4}}},"10":{"name":"isKyc","line":79,"loc":{"start":{"line":79,"column":4},"end":{"line":81,"column":4}}},"11":{"name":"isUSKyc","line":83,"loc":{"start":{"line":83,"column":4},"end":{"line":85,"column":4}}},"12":{"name":"isNonUSKyc","line":87,"loc":{"start":{"line":87,"column":4},"end":{"line":89,"column":4}}},"13":{"name":"isStrict","line":91,"loc":{"start":{"line":91,"column":4},"end":{"line":93,"column":4}}}},"statementMap":{"1":{"start":{"line":21,"column":8},"end":{"line":21,"column":756}},"2":{"start":{"line":26,"column":8},"end":{"line":26,"column":46}},"3":{"start":{"line":28,"column":8},"end":{"line":28,"column":40}},"4":{"start":{"line":32,"column":8},"end":{"line":32,"column":46}},"5":{"start":{"line":33,"column":8},"end":{"line":33,"column":46}},"6":{"start":{"line":39,"column":8},"end":{"line":39,"column":46}},"7":{"start":{"line":41,"column":8},"end":{"line":41,"column":29}},"8":{"start":{"line":45,"column":8},"end":{"line":45,"column":46}},"9":{"start":{"line":47,"column":8},"end":{"line":47,"column":31}},"10":{"start":{"line":52,"column":8},"end":{"line":52,"column":30}},"11":{"start":{"line":65,"column":8},"end":{"line":65,"column":62}},"12":{"start":{"line":69,"column":8},"end":{"line":69,"column":2216}},"13":{"start":{"line":76,"column":8},"end":{"line":76,"column":42}},"14":{"start":{"line":80,"column":8},"end":{"line":80,"column":60}},"15":{"start":{"line":84,"column":8},"end":{"line":84,"column":59}},"16":{"start":{"line":88,"column":8},"end":{"line":88,"column":64}},"17":{"start":{"line":92,"column":8},"end":{"line":92,"column":23}}},"branchMap":{"1":{"line":20,"type":"if","locations":[{"start":{"line":20,"column":66},"end":{"line":20,"column":66}},{"start":{"line":20,"column":66},"end":{"line":20,"column":66}}]},"2":{"line":21,"type":"if","locations":[{"start":{"line":21,"column":8},"end":{"line":21,"column":8}},{"start":{"line":21,"column":8},"end":{"line":21,"column":8}}]},"3":{"line":22,"type":"cond-expr","locations":[{"start":{"line":22,"column":12},"end":{"line":22,"column":36}},{"start":{"line":22,"column":41},"end":{"line":22,"column":70}}]},"4":{"line":31,"type":"if","locations":[{"start":{"line":31,"column":50},"end":{"line":31,"column":50}},{"start":{"line":31,"column":50},"end":{"line":31,"column":50}}]},"5":{"line":38,"type":"if","locations":[{"start":{"line":38,"column":47},"end":{"line":38,"column":47}},{"start":{"line":38,"column":47},"end":{"line":38,"column":47}}]},"6":{"line":44,"type":"if","locations":[{"start":{"line":44,"column":49},"end":{"line":44,"column":49}},{"start":{"line":44,"column":49},"end":{"line":44,"column":49}}]},"7":{"line":50,"type":"if","locations":[{"start":{"line":50,"column":45},"end":{"line":50,"column":45}},{"start":{"line":50,"column":45},"end":{"line":50,"column":45}}]},"8":{"line":65,"type":"if","locations":[{"start":{"line":65,"column":8},"end":{"line":65,"column":8}},{"start":{"line":65,"column":8},"end":{"line":65,"column":8}}]},"9":{"line":69,"type":"if","locations":[{"start":{"line":69,"column":8},"end":{"line":69,"column":8}},{"start":{"line":69,"column":8},"end":{"line":69,"column":8}}]}}},
"contracts/mock/chainlink/test/APIConsumer.sol":{"l":{"35":0,"36":0,"38":0,"40":0,"41":0,"42":0,"52":0,"59":0,"75":0,"78":0,"79":0,"82":0,"95":0,"96":0},"path":"/Users/nhutdang/Desktop/openeden/OpenEdenVault/openeden.smartcontracts/contracts/mock/chainlink/test/APIConsumer.sol","s":{"1":0,"2":0,"3":0,"4":0,"5":0,"6":0,"7":0,"8":0,"9":0,"10":0},"b":{"1":[0,0],"2":[0,0]},"f":{"1":0,"2":0,"3":0,"4":0},"fnMap":{"1":{"name":"constructor","line":34,"loc":{"start":{"line":34,"column":4},"end":{"line":43,"column":4}}},"2":{"name":"requestVolumeData","line":51,"loc":{"start":{"line":51,"column":4},"end":{"line":83,"column":4}}},"3":{"name":"fulfill","line":94,"loc":{"start":{"line":91,"column":4},"end":{"line":97,"column":4}}},"4":{"name":"withdrawLink","line":103,"loc":{"start":{"line":103,"column":4},"end":{"line":103,"column":38}}}},"statementMap":{"1":{"start":{"line":35,"column":8},"end":{"line":35,"column":1278}},"2":{"start":{"line":36,"column":12},"end":{"line":36,"column":36}},"3":{"start":{"line":38,"column":12},"end":{"line":38,"column":35}},"4":{"start":{"line":52,"column":8},"end":{"line":52,"column":1806}},"5":{"start":{"line":59,"column":8},"end":{"line":59,"column":2016}},"6":{"start":{"line":75,"column":8},"end":{"line":75,"column":54}},"7":{"start":{"line":78,"column":8},"end":{"line":78,"column":37}},"8":{"start":{"line":79,"column":8},"end":{"line":79,"column":43}},"9":{"start":{"line":82,"column":8},"end":{"line":82,"column":59}},"10":{"start":{"line":96,"column":8},"end":{"line":96,"column":35}}},"branchMap":{"1":{"line":35,"type":"if","locations":[{"start":{"line":35,"column":8},"end":{"line":35,"column":8}},{"start":{"line":35,"column":8},"end":{"line":35,"column":8}}]},"2":{"line":94,"type":"if","locations":[{"start":{"line":94,"column":13},"end":{"line":94,"column":13}},{"start":{"line":94,"column":13},"end":{"line":94,"column":13}}]}}},
"contracts/mock/chainlink/test/LinkToken.sol":{"l":{"162":131,"166":0,"167":0,"198":0,"199":0,"200":0,"212":0,"213":0,"228":0,"229":0,"230":0,"231":0,"243":0,"244":0,"256":0,"257":0,"271":347,"272":347,"273":347,"287":0,"288":0,"302":0,"303":0,"304":0,"305":0,"321":0,"322":0,"338":0,"339":0,"360":131,"361":131,"384":0,"385":0,"408":0,"409":0,"464":108,"465":108,"466":108,"473":0,"481":0,"498":0,"505":0,"514":0,"529":131,"530":131,"540":0,"554":0,"555":0,"576":0,"577":0,"585":0,"604":0,"609":0,"630":0,"638":0,"660":131,"661":131,"663":131,"665":131,"669":131,"670":131,"683":108,"685":108,"687":108,"688":108,"689":108,"704":0,"706":0,"708":0,"712":0,"713":0,"734":0,"735":0,"737":0,"738":0,"749":0,"791":0,"806":0,"811":0,"812":0,"832":0,"840":0,"842":0,"849":0,"851":0,"852":0,"853":0,"855":0,"862":0,"863":0,"899":0,"910":0,"918":0,"919":0,"921":0,"930":0,"931":0,"933":0,"941":0,"942":0,"944":0,"952":0,"953":0,"955":0,"963":0,"964":0,"989":0,"1010":0,"1061":59,"1062":59,"1063":59,"1064":59,"1066":59,"1076":59,"1077":59,"1081":59,"1082":59,"1085":59,"1100":108,"1119":0,"1128":108,"1140":131,"1152":0,"1160":131,"1164":131,"1204":0,"1215":0,"1225":0,"1236":0,"1245":0,"1254":0},"path":"/Users/nhutdang/Desktop/openeden/OpenEdenVault/openeden.smartcontracts/contracts/mock/chainlink/test/LinkToken.sol","s":{"1":131,"2":0,"3":0,"4":0,"5":0,"6":0,"7":0,"8":0,"9":0,"10":0,"11":0,"12":0,"13":0,"14":0,"15":0,"16":0,"17":0,"18":0,"19":0,"20":0,"21":0,"22":347,"23":347,"24":347,"25":0,"26":0,"27":0,"28":0,"29":0,"30":0,"31":0,"32":0,"33":0,"34":0,"35":0,"36":131,"37":131,"38":0,"39":0,"40":0,"41":0,"42":0,"43":0,"44":0,"45":0,"46":0,"47":131,"48":131,"49":0,"50":0,"51":0,"52":0,"53":0,"54":0,"55":0,"56":0,"57":0,"58":0,"59":131,"60":131,"61":131,"62":131,"63":108,"64":108,"65":108,"66":0,"67":0,"68":0,"69":0,"70":0,"71":0,"72":0,"73":0,"74":0,"75":0,"76":0,"77":0,"78":0,"79":0,"80":0,"81":0,"82":0,"83":0,"84":0,"85":0,"86":0,"87":0,"88":0,"89":0,"90":0,"91":0,"92":0,"93":59,"94":59,"95":59,"96":59,"97":59,"98":59,"99":59,"100":59,"101":59,"102":108,"103":0,"104":108,"105":131,"106":0,"107":131,"108":0,"109":0,"110":0,"111":0,"112":0,"113":0},"b":{"1":[0,0],"2":[0,0],"3":[0,0],"4":[0,0],"5":[0,0],"6":[0,0],"7":[347,0],"8":[0,0],"9":[0,0],"10":[0,0],"11":[0,0],"12":[0,0],"13":[131,0],"14":[0,0],"15":[0,0],"16":[131,0],"17":[131,0],"18":[108,0],"19":[0,0],"20":[0,0],"21":[0,0],"22":[0,0],"23":[0,0],"24":[0,0],"25":[0,0],"26":[0,0],"27":[0,0],"28":[0,0],"29":[0,0],"30":[0,0],"31":[0,0],"32":[0,0],"33":[0,0],"34":[0,0],"35":[59,0],"36":[131,0],"37":[0,0],"38":[131,0],"39":[0,0],"40":[0,0],"41":[0,0]},"f":{"1":131,"2":0,"3":0,"4":0,"5":0,"6":0,"7":0,"8":347,"9":0,"10":0,"11":0,"12":0,"13":131,"14":0,"15":0,"16":108,"17":0,"18":0,"19":0,"20":0,"21":0,"22":131,"23":0,"24":0,"25":0,"26":0,"27":0,"28":131,"29":108,"30":0,"31":0,"32":0,"33":239,"34":0,"35":0,"36":0,"37":0,"38":0,"39":0,"40":0,"41":0,"42":0,"43":0,"44":0,"45":0,"46":0,"47":0,"48":0,"49":59,"50":59,"51":59,"52":108,"53":0,"54":108,"55":131,"56":0,"57":131,"58":0,"59":0,"60":0,"61":0,"62":0,"63":0,"64":0},"fnMap":{"1":{"name":"_msgSender","line":161,"loc":{"start":{"line":161,"column":4},"end":{"line":163,"column":4}}},"2":{"name":"_msgData","line":165,"loc":{"start":{"line":165,"column":4},"end":{"line":168,"column":4}}},"3":{"name":"tryAdd","line":194,"loc":{"start":{"line":194,"column":4},"end":{"line":201,"column":4}}},"4":{"name":"trySub","line":208,"loc":{"start":{"line":208,"column":4},"end":{"line":214,"column":4}}},"5":{"name":"tryMul","line":221,"loc":{"start":{"line":221,"column":4},"end":{"line":232,"column":4}}},"6":{"name":"tryDiv","line":239,"loc":{"start":{"line":239,"column":4},"end":{"line":245,"column":4}}},"7":{"name":"tryMod","line":252,"loc":{"start":{"line":252,"column":4},"end":{"line":258,"column":4}}},"8":{"name":"add","line":270,"loc":{"start":{"line":270,"column":4},"end":{"line":274,"column":4}}},"9":{"name":"sub","line":286,"loc":{"start":{"line":286,"column":4},"end":{"line":289,"column":4}}},"10":{"name":"mul","line":301,"loc":{"start":{"line":301,"column":4},"end":{"line":306,"column":4}}},"11":{"name":"div","line":320,"loc":{"start":{"line":320,"column":4},"end":{"line":323,"column":4}}},"12":{"name":"mod","line":337,"loc":{"start":{"line":337,"column":4},"end":{"line":340,"column":4}}},"13":{"name":"sub","line":355,"loc":{"start":{"line":355,"column":4},"end":{"line":362,"column":4}}},"14":{"name":"div","line":379,"loc":{"start":{"line":379,"column":4},"end":{"line":386,"column":4}}},"15":{"name":"mod","line":403,"loc":{"start":{"line":403,"column":4},"end":{"line":410,"column":4}}},"16":{"name":"constructor","line":463,"loc":{"start":{"line":463,"column":4},"end":{"line":467,"column":4}}},"17":{"name":"name","line":472,"loc":{"start":{"line":472,"column":4},"end":{"line":474,"column":4}}},"18":{"name":"symbol","line":480,"loc":{"start":{"line":480,"column":4},"end":{"line":482,"column":4}}},"19":{"name":"decimals","line":497,"loc":{"start":{"line":497,"column":4},"end":{"line":499,"column":4}}},"20":{"name":"totalSupply","line":504,"loc":{"start":{"line":504,"column":4},"end":{"line":506,"column":4}}},"21":{"name":"balanceOf","line":511,"loc":{"start":{"line":511,"column":4},"end":{"line":515,"column":4}}},"22":{"name":"transfer","line":525,"loc":{"start":{"line":525,"column":4},"end":{"line":531,"column":4}}},"23":{"name":"allowance","line":536,"loc":{"start":{"line":536,"column":4},"end":{"line":541,"column":4}}},"24":{"name":"approve","line":550,"loc":{"start":{"line":550,"column":4},"end":{"line":556,"column":4}}},"25":{"name":"transferFrom","line":571,"loc":{"start":{"line":571,"column":4},"end":{"line":586,"column":4}}},"26":{"name":"increaseAllowance","line":600,"loc":{"start":{"line":600,"column":4},"end":{"line":610,"column":4}}},"27":{"name":"decreaseAllowance","line":626,"loc":{"start":{"line":626,"column":4},"end":{"line":639,"column":4}}},"28":{"name":"_transfer","line":655,"loc":{"start":{"line":655,"column":4},"end":{"line":671,"column":4}}},"29":{"name":"_mint","line":682,"loc":{"start":{"line":682,"column":4},"end":{"line":690,"column":4}}},"30":{"name":"_burn","line":703,"loc":{"start":{"line":703,"column":4},"end":{"line":714,"column":4}}},"31":{"name":"_approve","line":729,"loc":{"start":{"line":729,"column":4},"end":{"line":739,"column":4}}},"32":{"name":"_setupDecimals","line":748,"loc":{"start":{"line":748,"column":4},"end":{"line":750,"column":4}}},"33":{"name":"_beforeTokenTransfer","line":766,"loc":{"start":{"line":766,"column":4},"end":{"line":770,"column":24}}},"34":{"name":"burn","line":790,"loc":{"start":{"line":790,"column":4},"end":{"line":792,"column":4}}},"35":{"name":"burnFrom","line":805,"loc":{"start":{"line":805,"column":4},"end":{"line":813,"column":4}}},"36":{"name":"constructor","line":831,"loc":{"start":{"line":831,"column":4},"end":{"line":833,"column":4}}},"37":{"name":"transferOwnership","line":839,"loc":{"start":{"line":839,"column":4},"end":{"line":843,"column":4}}},"38":{"name":"acceptOwnership","line":848,"loc":{"start":{"line":848,"column":4},"end":{"line":856,"column":4}}},"39":{"name":"onlyOwner","line":861,"loc":{"start":{"line":861,"column":4},"end":{"line":864,"column":4}}},"40":{"name":"constructor","line":898,"loc":{"start":{"line":898,"column":4},"end":{"line":900,"column":4}}},"41":{"name":"hasAccess","line":906,"loc":{"start":{"line":906,"column":4},"end":{"line":911,"column":4}}},"42":{"name":"addAccess","line":917,"loc":{"start":{"line":917,"column":4},"end":{"line":923,"column":4}}},"43":{"name":"removeAccess","line":929,"loc":{"start":{"line":929,"column":4},"end":{"line":935,"column":4}}},"44":{"name":"enableAccessCheck","line":940,"loc":{"start":{"line":940,"column":4},"end":{"line":946,"column":4}}},"45":{"name":"disableAccessCheck","line":951,"loc":{"start":{"line":951,"column":4},"end":{"line":957,"column":4}}},"46":{"name":"checkAccess","line":962,"loc":{"start":{"line":962,"column":4},"end":{"line":965,"column":4}}},"47":{"name":"increaseApproval","line":985,"loc":{"start":{"line":985,"column":4},"end":{"line":990,"column":4}}},"48":{"name":"decreaseApproval","line":1006,"loc":{"start":{"line":1006,"column":4},"end":{"line":1011,"column":4}}},"49":{"name":"transferAndCall","line":1056,"loc":{"start":{"line":1056,"column":4},"end":{"line":1067,"column":4}}},"50":{"name":"contractFallback","line":1071,"loc":{"start":{"line":1071,"column":4},"end":{"line":1078,"column":4}}},"51":{"name":"isContract","line":1080,"loc":{"start":{"line":1080,"column":4},"end":{"line":1086,"column":4}}},"52":{"name":"constructor","line":1099,"loc":{"start":{"line":1099,"column":4},"end":{"line":1101,"column":4}}},"53":{"name":"typeAndVersion","line":1112,"loc":{"start":{"line":1112,"column":4},"end":{"line":1120,"column":4}}},"54":{"name":"_onCreate","line":1127,"loc":{"start":{"line":1127,"column":4},"end":{"line":1129,"column":4}}},"55":{"name":"_transfer","line":1139,"loc":{"start":{"line":1135,"column":4},"end":{"line":1141,"column":4}}},"56":{"name":"_approve","line":1151,"loc":{"start":{"line":1147,"column":4},"end":{"line":1153,"column":4}}},"57":{"name":"validAddress","line":1159,"loc":{"start":{"line":1159,"column":4},"end":{"line":1165,"column":4}}},"58":{"name":"_onCreate","line":1188,"loc":{"start":{"line":1188,"column":4},"end":{"line":1188,"column":44}}},"59":{"name":"typeAndVersion","line":1197,"loc":{"start":{"line":1197,"column":4},"end":{"line":1205,"column":4}}},"60":{"name":"mint","line":1214,"loc":{"start":{"line":1211,"column":4},"end":{"line":1216,"column":4}}},"61":{"name":"burn","line":1224,"loc":{"start":{"line":1222,"column":4},"end":{"line":1226,"column":4}}},"62":{"name":"burnFrom","line":1235,"loc":{"start":{"line":1232,"column":4},"end":{"line":1237,"column":4}}},"63":{"name":"_transfer","line":1240,"loc":{"start":{"line":1240,"column":4},"end":{"line":1246,"column":4}}},"64":{"name":"_approve","line":1249,"loc":{"start":{"line":1249,"column":4},"end":{"line":1255,"column":4}}}},"statementMap":{"1":{"start":{"line":162,"column":8},"end":{"line":162,"column":25}},"2":{"start":{"line":167,"column":8},"end":{"line":167,"column":23}},"3":{"start":{"line":198,"column":8},"end":{"line":198,"column":25}},"4":{"start":{"line":199,"column":8},"end":{"line":199,"column":36}},"5":{"start":{"line":199,"column":19},"end":{"line":199,"column":36}},"6":{"start":{"line":200,"column":8},"end":{"line":200,"column":24}},"7":{"start":{"line":212,"column":8},"end":{"line":212,"column":36}},"8":{"start":{"line":212,"column":19},"end":{"line":212,"column":36}},"9":{"start":{"line":213,"column":8},"end":{"line":213,"column":28}},"10":{"start":{"line":228,"column":8},"end":{"line":228,"column":36}},"11":{"start":{"line":228,"column":20},"end":{"line":228,"column":36}},"12":{"start":{"line":229,"column":8},"end":{"line":229,"column":25}},"13":{"start":{"line":230,"column":8},"end":{"line":230,"column":41}},"14":{"start":{"line":230,"column":24},"end":{"line":230,"column":41}},"15":{"start":{"line":231,"column":8},"end":{"line":231,"column":24}},"16":{"start":{"line":243,"column":8},"end":{"line":243,"column":37}},"17":{"start":{"line":243,"column":20},"end":{"line":243,"column":37}},"18":{"start":{"line":244,"column":8},"end":{"line":244,"column":28}},"19":{"start":{"line":256,"column":8},"end":{"line":256,"column":37}},"20":{"start":{"line":256,"column":20},"end":{"line":256,"column":37}},"21":{"start":{"line":257,"column":8},"end":{"line":257,"column":28}},"22":{"start":{"line":271,"column":8},"end":{"line":271,"column":25}},"23":{"start":{"line":272,"column":8},"end":{"line":272,"column":53}},"24":{"start":{"line":273,"column":8},"end":{"line":273,"column":16}},"25":{"start":{"line":287,"column":8},"end":{"line":287,"column":56}},"26":{"start":{"line":288,"column":8},"end":{"line":288,"column":20}},"27":{"start":{"line":302,"column":8},"end":{"line":302,"column":28}},"28":{"start":{"line":302,"column":20},"end":{"line":302,"column":28}},"29":{"start":{"line":303,"column":8},"end":{"line":303,"column":25}},"30":{"start":{"line":304,"column":8},"end":{"line":304,"column":63}},"31":{"start":{"line":305,"column":8},"end":{"line":305,"column":16}},"32":{"start":{"line":321,"column":8},"end":{"line":321,"column":51}},"33":{"start":{"line":322,"column":8},"end":{"line":322,"column":20}},"34":{"start":{"line":338,"column":8},"end":{"line":338,"column":49}},"35":{"start":{"line":339,"column":8},"end":{"line":339,"column":20}},"36":{"start":{"line":360,"column":8},"end":{"line":360,"column":36}},"37":{"start":{"line":361,"column":8},"end":{"line":361,"column":20}},"38":{"start":{"line":384,"column":8},"end":{"line":384,"column":35}},"39":{"start":{"line":385,"column":8},"end":{"line":385,"column":20}},"40":{"start":{"line":408,"column":8},"end":{"line":408,"column":35}},"41":{"start":{"line":409,"column":8},"end":{"line":409,"column":20}},"42":{"start":{"line":473,"column":8},"end":{"line":473,"column":20}},"43":{"start":{"line":481,"column":8},"end":{"line":481,"column":22}},"44":{"start":{"line":498,"column":8},"end":{"line":498,"column":24}},"45":{"start":{"line":505,"column":8},"end":{"line":505,"column":27}},"46":{"start":{"line":514,"column":8},"end":{"line":514,"column":33}},"47":{"start":{"line":529,"column":8},"end":{"line":529,"column":49}},"48":{"start":{"line":530,"column":8},"end":{"line":530,"column":19}},"49":{"start":{"line":540,"column":8},"end":{"line":540,"column":42}},"50":{"start":{"line":554,"column":8},"end":{"line":554,"column":46}},"51":{"start":{"line":555,"column":8},"end":{"line":555,"column":19}},"52":{"start":{"line":576,"column":8},"end":{"line":576,"column":43}},"53":{"start":{"line":577,"column":8},"end":{"line":577,"column":18262}},"54":{"start":{"line":585,"column":8},"end":{"line":585,"column":19}},"55":{"start":{"line":604,"column":8},"end":{"line":604,"column":19024}},"56":{"start":{"line":609,"column":8},"end":{"line":609,"column":19}},"57":{"start":{"line":630,"column":8},"end":{"line":630,"column":19799}},"58":{"start":{"line":638,"column":8},"end":{"line":638,"column":19}},"59":{"start":{"line":660,"column":8},"end":{"line":660,"column":77}},"60":{"start":{"line":661,"column":8},"end":{"line":661,"column":78}},"61":{"start":{"line":663,"column":8},"end":{"line":663,"column":54}},"62":{"start":{"line":670,"column":8},"end":{"line":670,"column":48}},"63":{"start":{"line":683,"column":8},"end":{"line":683,"column":72}},"64":{"start":{"line":685,"column":8},"end":{"line":685,"column":56}},"65":{"start":{"line":689,"column":8},"end":{"line":689,"column":50}},"66":{"start":{"line":704,"column":8},"end":{"line":704,"column":74}},"67":{"start":{"line":706,"column":8},"end":{"line":706,"column":56}},"68":{"start":{"line":713,"column":8},"end":{"line":713,"column":50}},"69":{"start":{"line":734,"column":8},"end":{"line":734,"column":75}},"70":{"start":{"line":735,"column":8},"end":{"line":735,"column":75}},"71":{"start":{"line":738,"column":8},"end":{"line":738,"column":45}},"72":{"start":{"line":791,"column":8},"end":{"line":791,"column":34}},"73":{"start":{"line":806,"column":8},"end":{"line":806,"column":25443}},"74":{"start":{"line":811,"column":8},"end":{"line":811,"column":58}},"75":{"start":{"line":812,"column":8},"end":{"line":812,"column":29}},"76":{"start":{"line":842,"column":8},"end":{"line":842,"column":51}},"77":{"start":{"line":849,"column":8},"end":{"line":849,"column":68}},"78":{"start":{"line":851,"column":8},"end":{"line":851,"column":32}},"79":{"start":{"line":855,"column":8},"end":{"line":855,"column":55}},"80":{"start":{"line":862,"column":8},"end":{"line":862,"column":61}},"81":{"start":{"line":910,"column":8},"end":{"line":910,"column":49}},"82":{"start":{"line":918,"column":8},"end":{"line":918,"column":28503}},"83":{"start":{"line":921,"column":12},"end":{"line":921,"column":35}},"84":{"start":{"line":930,"column":8},"end":{"line":930,"column":28805}},"85":{"start":{"line":933,"column":12},"end":{"line":933,"column":37}},"86":{"start":{"line":941,"column":8},"end":{"line":941,"column":29051}},"87":{"start":{"line":944,"column":12},"end":{"line":944,"column":37}},"88":{"start":{"line":952,"column":8},"end":{"line":952,"column":29290}},"89":{"start":{"line":955,"column":12},"end":{"line":955,"column":38}},"90":{"start":{"line":963,"column":8},"end":{"line":963,"column":60}},"91":{"start":{"line":989,"column":8},"end":{"line":989,"column":59}},"92":{"start":{"line":1010,"column":8},"end":{"line":1010,"column":64}},"93":{"start":{"line":1061,"column":8},"end":{"line":1061,"column":32}},"94":{"start":{"line":1062,"column":8},"end":{"line":1062,"column":50}},"95":{"start":{"line":1063,"column":8},"end":{"line":1063,"column":32200}},"96":{"start":{"line":1064,"column":12},"end":{"line":1064,"column":44}},"97":{"start":{"line":1066,"column":8},"end":{"line":1066,"column":19}},"98":{"start":{"line":1076,"column":8},"end":{"line":1076,"column":54}},"99":{"start":{"line":1077,"column":8},"end":{"line":1077,"column":56}},"100":{"start":{"line":1081,"column":8},"end":{"line":1081,"column":19}},"101":{"start":{"line":1085,"column":8},"end":{"line":1085,"column":25}},"102":{"start":{"line":1100,"column":8},"end":{"line":1100,"column":18}},"103":{"start":{"line":1119,"column":8},"end":{"line":1119,"column":32}},"104":{"start":{"line":1128,"column":8},"end":{"line":1128,"column":38}},"105":{"start":{"line":1140,"column":8},"end":{"line":1140,"column":49}},"106":{"start":{"line":1152,"column":8},"end":{"line":1152,"column":45}},"107":{"start":{"line":1160,"column":8},"end":{"line":1160,"column":34774}},"108":{"start":{"line":1204,"column":8},"end":{"line":1204,"column":37}},"109":{"start":{"line":1215,"column":8},"end":{"line":1215,"column":31}},"110":{"start":{"line":1225,"column":8},"end":{"line":1225,"column":25}},"111":{"start":{"line":1236,"column":8},"end":{"line":1236,"column":38}},"112":{"start":{"line":1245,"column":8},"end":{"line":1245,"column":49}},"113":{"start":{"line":1254,"column":8},"end":{"line":1254,"column":45}}},"branchMap":{"1":{"line":199,"type":"if","locations":[{"start":{"line":199,"column":8},"end":{"line":199,"column":8}},{"start":{"line":199,"column":8},"end":{"line":199,"column":8}}]},"2":{"line":212,"type":"if","locations":[{"start":{"line":212,"column":8},"end":{"line":212,"column":8}},{"start":{"line":212,"column":8},"end":{"line":212,"column":8}}]},"3":{"line":228,"type":"if","locations":[{"start":{"line":228,"column":8},"end":{"line":228,"column":8}},{"start":{"line":228,"column":8},"end":{"line":228,"column":8}}]},"4":{"line":230,"type":"if","locations":[{"start":{"line":230,"column":8},"end":{"line":230,"column":8}},{"start":{"line":230,"column":8},"end":{"line":230,"column":8}}]},"5":{"line":243,"type":"if","locations":[{"start":{"line":243,"column":8},"end":{"line":243,"column":8}},{"start":{"line":243,"column":8},"end":{"line":243,"column":8}}]},"6":{"line":256,"type":"if","locations":[{"start":{"line":256,"column":8},"end":{"line":256,"column":8}},{"start":{"line":256,"column":8},"end":{"line":256,"column":8}}]},"7":{"line":272,"type":"if","locations":[{"start":{"line":272,"column":8},"end":{"line":272,"column":8}},{"start":{"line":272,"column":8},"end":{"line":272,"column":8}}]},"8":{"line":287,"type":"if","locations":[{"start":{"line":287,"column":8},"end":{"line":287,"column":8}},{"start":{"line":287,"column":8},"end":{"line":287,"column":8}}]},"9":{"line":302,"type":"if","locations":[{"start":{"line":302,"column":8},"end":{"line":302,"column":8}},{"start":{"line":302,"column":8},"end":{"line":302,"column":8}}]},"10":{"line":304,"type":"if","locations":[{"start":{"line":304,"column":8},"end":{"line":304,"column":8}},{"start":{"line":304,"column":8},"end":{"line":304,"column":8}}]},"11":{"line":321,"type":"if","locations":[{"start":{"line":321,"column":8},"end":{"line":321,"column":8}},{"start":{"line":321,"column":8},"end":{"line":321,"column":8}}]},"12":{"line":338,"type":"if","locations":[{"start":{"line":338,"column":8},"end":{"line":338,"column":8}},{"start":{"line":338,"column":8},"end":{"line":338,"column":8}}]},"13":{"line":360,"type":"if","locations":[{"start":{"line":360,"column":8},"end":{"line":360,"column":8}},{"start":{"line":360,"column":8},"end":{"line":360,"column":8}}]},"14":{"line":384,"type":"if","locations":[{"start":{"line":384,"column":8},"end":{"line":384,"column":8}},{"start":{"line":384,"column":8},"end":{"line":384,"column":8}}]},"15":{"line":408,"type":"if","locations":[{"start":{"line":408,"column":8},"end":{"line":408,"column":8}},{"start":{"line":408,"column":8},"end":{"line":408,"column":8}}]},"16":{"line":660,"type":"if","locations":[{"start":{"line":660,"column":8},"end":{"line":660,"column":8}},{"start":{"line":660,"column":8},"end":{"line":660,"column":8}}]},"17":{"line":661,"type":"if","locations":[{"start":{"line":661,"column":8},"end":{"line":661,"column":8}},{"start":{"line":661,"column":8},"end":{"line":661,"column":8}}]},"18":{"line":683,"type":"if","locations":[{"start":{"line":683,"column":8},"end":{"line":683,"column":8}},{"start":{"line":683,"column":8},"end":{"line":683,"column":8}}]},"19":{"line":704,"type":"if","locations":[{"start":{"line":704,"column":8},"end":{"line":704,"column":8}},{"start":{"line":704,"column":8},"end":{"line":704,"column":8}}]},"20":{"line":734,"type":"if","locations":[{"start":{"line":734,"column":8},"end":{"line":734,"column":8}},{"start":{"line":734,"column":8},"end":{"line":734,"column":8}}]},"21":{"line":735,"type":"if","locations":[{"start":{"line":735,"column":8},"end":{"line":735,"column":8}},{"start":{"line":735,"column":8},"end":{"line":735,"column":8}}]},"22":{"line":839,"type":"if","locations":[{"start":{"line":839,"column":53},"end":{"line":839,"column":53}},{"start":{"line":839,"column":53},"end":{"line":839,"column":53}}]},"23":{"line":849,"type":"if","locations":[{"start":{"line":849,"column":8},"end":{"line":849,"column":8}},{"start":{"line":849,"column":8},"end":{"line":849,"column":8}}]},"24":{"line":862,"type":"if","locations":[{"start":{"line":862,"column":8},"end":{"line":862,"column":8}},{"start":{"line":862,"column":8},"end":{"line":862,"column":8}}]},"25":{"line":910,"type":"cond-expr","locations":[{"start":{"line":910,"column":15},"end":{"line":910,"column":31}},{"start":{"line":910,"column":36},"end":{"line":910,"column":48}}]},"26":{"line":917,"type":"if","locations":[{"start":{"line":917,"column":47},"end":{"line":917,"column":47}},{"start":{"line":917,"column":47},"end":{"line":917,"column":47}}]},"27":{"line":918,"type":"if","locations":[{"start":{"line":918,"column":8},"end":{"line":918,"column":8}},{"start":{"line":918,"column":8},"end":{"line":918,"column":8}}]},"28":{"line":929,"type":"if","locations":[{"start":{"line":929,"column":50},"end":{"line":929,"column":50}},{"start":{"line":929,"column":50},"end":{"line":929,"column":50}}]},"29":{"line":930,"type":"if","locations":[{"start":{"line":930,"column":8},"end":{"line":930,"column":8}},{"start":{"line":930,"column":8},"end":{"line":930,"column":8}}]},"30":{"line":940,"type":"if","locations":[{"start":{"line":940,"column":42},"end":{"line":940,"column":42}},{"start":{"line":940,"column":42},"end":{"line":940,"column":42}}]},"31":{"line":941,"type":"if","locations":[{"start":{"line":941,"column":8},"end":{"line":941,"column":8}},{"start":{"line":941,"column":8},"end":{"line":941,"column":8}}]},"32":{"line":951,"type":"if","locations":[{"start":{"line":951,"column":43},"end":{"line":951,"column":43}},{"start":{"line":951,"column":43},"end":{"line":951,"column":43}}]},"33":{"line":952,"type":"if","locations":[{"start":{"line":952,"column":8},"end":{"line":952,"column":8}},{"start":{"line":952,"column":8},"end":{"line":952,"column":8}}]},"34":{"line":963,"type":"if","locations":[{"start":{"line":963,"column":8},"end":{"line":963,"column":8}},{"start":{"line":963,"column":8},"end":{"line":963,"column":8}}]},"35":{"line":1063,"type":"if","locations":[{"start":{"line":1063,"column":8},"end":{"line":1063,"column":8}},{"start":{"line":1063,"column":8},"end":{"line":1063,"column":8}}]},"36":{"line":1139,"type":"if","locations":[{"start":{"line":1139,"column":32},"end":{"line":1139,"column":32}},{"start":{"line":1139,"column":32},"end":{"line":1139,"column":32}}]},"37":{"line":1151,"type":"if","locations":[{"start":{"line":1151,"column":32},"end":{"line":1151,"column":32}},{"start":{"line":1151,"column":32},"end":{"line":1151,"column":32}}]},"38":{"line":1160,"type":"if","locations":[{"start":{"line":1160,"column":8},"end":{"line":1160,"column":8}},{"start":{"line":1160,"column":8},"end":{"line":1160,"column":8}}]},"39":{"line":1214,"type":"if","locations":[{"start":{"line":1214,"column":30},"end":{"line":1214,"column":30}},{"start":{"line":1214,"column":30},"end":{"line":1214,"column":30}}]},"40":{"line":1224,"type":"if","locations":[{"start":{"line":1224,"column":58},"end":{"line":1224,"column":58}},{"start":{"line":1224,"column":58},"end":{"line":1224,"column":58}}]},"41":{"line":1235,"type":"if","locations":[{"start":{"line":1235,"column":58},"end":{"line":1235,"column":58}},{"start":{"line":1235,"column":58},"end":{"line":1235,"column":58}}]}}},
"contracts/mock/chainlink/test/MockOracle.sol":{"l":{"47":108,"73":59,"74":59,"79":59,"81":59,"83":59,"109":58,"110":58,"111":58,"118":58,"121":58,"139":0,"144":0,"146":0,"147":0,"149":0,"158":118,"168":58,"172":58,"180":59,"181":59},"path":"/Users/nhutdang/Desktop/openeden/OpenEdenVault/openeden.smartcontracts/contracts/mock/chainlink/test/MockOracle.sol","s":{"1":59,"2":59,"3":59,"4":59,"5":58,"6":58,"7":58,"8":58,"9":0,"10":0,"11":0,"12":0,"13":118,"14":58,"15":59},"b":{"1":[59,0],"2":[59,0],"3":[59,0],"4":[58,0],"5":[58,0],"6":[0,0],"7":[0,0],"8":[58,0],"9":[59,0]},"f":{"1":108,"2":59,"3":58,"4":0,"5":118,"6":58,"7":59},"fnMap":{"1":{"name":"constructor","line":46,"loc":{"start":{"line":46,"column":4},"end":{"line":48,"column":4}}},"2":{"name":"oracleRequest","line":72,"loc":{"start":{"line":63,"column":4},"end":{"line":94,"column":4}}},"3":{"name":"fulfillOracleRequest","line":108,"loc":{"start":{"line":105,"column":4},"end":{"line":122,"column":4}}},"4":{"name":"cancelOracleRequest","line":133,"loc":{"start":{"line":133,"column":4},"end":{"line":150,"column":4}}},"5":{"name":"getChainlinkToken","line":157,"loc":{"start":{"line":157,"column":4},"end":{"line":159,"column":4}}},"6":{"name":"isValidRequest","line":167,"loc":{"start":{"line":167,"column":4},"end":{"line":173,"column":4}}},"7":{"name":"checkCallbackAddress","line":179,"loc":{"start":{"line":179,"column":4},"end":{"line":182,"column":4}}}},"statementMap":{"1":{"start":{"line":73,"column":8},"end":{"line":73,"column":72}},"2":{"start":{"line":74,"column":8},"end":{"line":74,"column":2699}},"3":{"start":{"line":79,"column":8},"end":{"line":79,"column":49}},"4":{"start":{"line":83,"column":8},"end":{"line":83,"column":3014}},"5":{"start":{"line":109,"column":8},"end":{"line":109,"column":52}},"6":{"start":{"line":111,"column":8},"end":{"line":111,"column":4034}},"7":{"start":{"line":118,"column":8},"end":{"line":118,"column":4434}},"8":{"start":{"line":121,"column":8},"end":{"line":121,"column":22}},"9":{"start":{"line":139,"column":8},"end":{"line":139,"column":5319}},"10":{"start":{"line":144,"column":8},"end":{"line":144,"column":60}},"11":{"start":{"line":147,"column":8},"end":{"line":147,"column":44}},"12":{"start":{"line":149,"column":8},"end":{"line":149,"column":55}},"13":{"start":{"line":158,"column":8},"end":{"line":158,"column":33}},"14":{"start":{"line":168,"column":8},"end":{"line":168,"column":6253}},"15":{"start":{"line":180,"column":8},"end":{"line":180,"column":68}}},"branchMap":{"1":{"line":72,"type":"if","locations":[{"start":{"line":72,"column":24},"end":{"line":72,"column":24}},{"start":{"line":72,"column":24},"end":{"line":72,"column":24}}]},"2":{"line":72,"type":"if","locations":[{"start":{"line":72,"column":33},"end":{"line":72,"column":33}},{"start":{"line":72,"column":33},"end":{"line":72,"column":33}}]},"3":{"line":74,"type":"if","locations":[{"start":{"line":74,"column":8},"end":{"line":74,"column":8}},{"start":{"line":74,"column":8},"end":{"line":74,"column":8}}]},"4":{"line":108,"type":"if","locations":[{"start":{"line":108,"column":15},"end":{"line":108,"column":15}},{"start":{"line":108,"column":15},"end":{"line":108,"column":15}}]},"5":{"line":111,"type":"if","locations":[{"start":{"line":111,"column":8},"end":{"line":111,"column":8}},{"start":{"line":111,"column":8},"end":{"line":111,"column":8}}]},"6":{"line":139,"type":"if","locations":[{"start":{"line":139,"column":8},"end":{"line":139,"column":8}},{"start":{"line":139,"column":8},"end":{"line":139,"column":8}}]},"7":{"line":144,"type":"if","locations":[{"start":{"line":144,"column":8},"end":{"line":144,"column":8}},{"start":{"line":144,"column":8},"end":{"line":144,"column":8}}]},"8":{"line":168,"type":"if","locations":[{"start":{"line":168,"column":8},"end":{"line":168,"column":8}},{"start":{"line":168,"column":8},"end":{"line":168,"column":8}}]},"9":{"line":180,"type":"if","locations":[{"start":{"line":180,"column":8},"end":{"line":180,"column":8}},{"start":{"line":180,"column":8},"end":{"line":180,"column":8}}]}}},
"contracts/mock/doubleQueueTest.sol":{"l":{"11":0,"12":0,"16":0,"17":0,"18":0,"25":0,"26":0,"30":0},"path":"/Users/nhutdang/Desktop/openeden/OpenEdenVault/openeden.smartcontracts/contracts/mock/doubleQueueTest.sol","s":{"1":0,"2":0,"3":0,"4":0,"5":0,"6":0},"b":{},"f":{"1":0,"2":0,"3":0,"4":0},"fnMap":{"1":{"name":"pushBack","line":10,"loc":{"start":{"line":10,"column":4},"end":{"line":13,"column":4}}},"2":{"name":"popAll","line":15,"loc":{"start":{"line":15,"column":4},"end":{"line":20,"column":4}}},"3":{"name":"getByIndex","line":22,"loc":{"start":{"line":22,"column":4},"end":{"line":27,"column":4}}},"4":{"name":"getLength","line":29,"loc":{"start":{"line":29,"column":4},"end":{"line":31,"column":4}}}},"statementMap":{"1":{"start":{"line":11,"column":8},"end":{"line":11,"column":56}},"2":{"start":{"line":12,"column":8},"end":{"line":12,"column":27}},"3":{"start":{"line":16,"column":8},"end":{"line":16,"column":486}},"4":{"start":{"line":17,"column":12},"end":{"line":17,"column":48}},"5":{"start":{"line":25,"column":8},"end":{"line":25,"column":50}},"6":{"start":{"line":30,"column":8},"end":{"line":30,"column":29}}},"branchMap":{}},
"contracts/mock/Operator.sol":{"l":{"34":0,"35":0,"37":0,"50":0,"51":0,"53":0,"69":0,"70":0,"73":0,"74":0,"76":0,"92":0,"93":0,"96":0,"111":0,"112":0,"148":0,"150":0,"153":0,"173":0,"179":0,"180":0,"208":0,"222":0,"241":0,"262":0,"266":0,"269":0,"272":0,"285":0,"304":0,"307":0,"308":0,"321":0,"340":0,"343":0,"344":0,"352":0,"353":0,"356":0,"360":0,"365":0,"545":0,"547":0,"548":0,"549":0,"558":0,"565":0,"567":0,"568":0,"569":0,"571":0,"578":0,"585":0,"587":0,"589":0,"596":0,"603":0,"604":0,"640":0,"647":0,"648":0,"665":0,"666":0,"674":0,"675":0,"679":0,"680":0,"713":0,"715":0,"716":0,"717":0,"720":0,"721":0,"724":0,"725":0,"738":0,"749":0,"762":0,"769":0,"770":0,"777":0,"778":0,"859":0,"867":0,"893":0,"904":0,"938":0,"949":0,"990":0,"998":0,"999":0,"1006":0,"1009":0,"1041":0,"1049":0,"1050":0,"1057":0,"1060":0,"1074":0,"1075":0,"1076":0,"1090":0,"1091":0,"1092":0,"1093":0,"1106":0,"1108":0,"1109":0,"1127":0,"1128":0,"1146":0,"1160":0,"1173":0,"1174":0,"1175":0,"1196":0,"1212":0,"1216":0,"1217":0,"1218":0,"1219":0,"1220":0,"1222":0,"1241":0,"1247":0,"1252":0,"1254":0,"1255":0,"1257":0,"1276":0,"1277":0,"1283":0,"1288":0,"1290":0,"1291":0,"1293":0,"1302":0,"1313":0,"1317":0,"1344":0,"1345":0,"1350":0,"1351":0,"1357":0,"1361":0,"1362":0,"1381":0,"1387":0,"1391":0,"1396":0,"1397":0,"1414":0,"1433":0,"1434":0,"1442":0,"1443":0,"1451":0,"1465":0,"1466":0,"1467":0,"1470":0,"1471":0,"1479":0,"1483":0,"1491":0,"1495":0,"1503":0,"1504":0,"1511":0,"1512":0},"path":"/Users/nhutdang/Desktop/openeden/OpenEdenVault/openeden.smartcontracts/contracts/mock/Operator.sol","s":{"1":0,"2":0,"3":0,"4":0,"5":0,"6":0,"7":0,"8":0,"9":0,"10":0,"11":0,"12":0,"13":0,"14":0,"15":0,"16":0,"17":0,"18":0,"19":0,"20":0,"21":0,"22":0,"23":0,"24":0,"25":0,"26":0,"27":0,"28":0,"29":0,"30":0,"31":0,"32":0,"33":0,"34":0,"35":0,"36":0,"37":0,"38":0,"39":0,"40":0,"41":0,"42":0,"43":0,"44":0,"45":0,"46":0,"47":0,"48":0,"49":0,"50":0,"51":0,"52":0,"53":0,"54":0,"55":0,"56":0,"57":0,"58":0,"59":0,"60":0,"61":0,"62":0,"63":0,"64":0,"65":0,"66":0,"67":0,"68":0,"69":0,"70":0,"71":0,"72":0,"73":0,"74":0,"75":0,"76":0,"77":0,"78":0,"79":0,"80":0,"81":0,"82":0,"83":0,"84":0,"85":0,"86":0,"87":0,"88":0,"89":0,"90":0,"91":0,"92":0,"93":0,"94":0,"95":0,"96":0,"97":0,"98":0,"99":0,"100":0,"101":0,"102":0,"103":0,"104":0,"105":0,"106":0,"107":0,"108":0,"109":0,"110":0,"111":0,"112":0,"113":0,"114":0,"115":0,"116":0,"117":0,"118":0,"119":0,"120":0,"121":0,"122":0,"123":0,"124":0,"125":0,"126":0,"127":0,"128":0,"129":0,"130":0,"131":0,"132":0,"133":0,"134":0,"135":0,"136":0,"137":0},"b":{"1":[0,0],"2":[0,0],"3":[0,0],"4":[0,0],"5":[0,0],"6":[0,0],"7":[0,0],"8":[0,0],"9":[0,0],"10":[0,0],"11":[0,0],"12":[0,0],"13":[0,0],"14":[0,0],"15":[0,0],"16":[0,0],"17":[0,0],"18":[0,0],"19":[0,0],"20":[0,0],"21":[0,0],"22":[0,0],"23":[0,0],"24":[0,0],"25":[0,0],"26":[0,0],"27":[0,0],"28":[0,0],"29":[0,0],"30":[0,0],"31":[0,0],"32":[0,0],"33":[0,0],"34":[0,0],"35":[0,0],"36":[0,0],"37":[0,0],"38":[0,0],"39":[0,0],"40":[0,0],"41":[0,0],"42":[0,0],"43":[0,0],"44":[0,0],"45":[0,0],"46":[0,0],"47":[0,0],"48":[0,0],"49":[0,0],"50":[0,0],"51":[0,0],"52":[0,0],"53":[0,0],"54":[0,0],"55":[0,0],"56":[0,0],"57":[0,0],"58":[0,0],"59":[0,0],"60":[0,0],"61":[0,0],"62":[0,0],"63":[0,0],"64":[0,0],"65":[0,0],"66":[0,0],"67":[0,0],"68":[0,0],"69":[0,0],"70":[0,0],"71":[0,0],"72":[0,0]},"f":{"1":0,"2":0,"3":0,"4":0,"5":0,"6":0,"7":0,"8":0,"9":0,"10":0,"11":0,"12":0,"13":0,"14":0,"15":0,"16":0,"17":0,"18":0,"19":0,"20":0,"21":0,"22":0,"23":0,"24":0,"25":0,"26":0,"27":0,"28":0,"29":0,"30":0,"31":0,"32":0,"33":0,"34":0,"35":0,"36":0,"37":0,"38":0,"39":0,"40":0,"41":0,"42":0,"43":0,"44":0,"45":0,"46":0,"47":0,"48":0,"49":0,"50":0,"51":0,"52":0,"53":0,"54":0,"55":0,"56":0,"57":0,"58":0,"59":0,"60":0,"61":0,"62":0,"63":0},"fnMap":{"1":{"name":"add","line":33,"loc":{"start":{"line":33,"column":4},"end":{"line":38,"column":4}}},"2":{"name":"sub","line":49,"loc":{"start":{"line":49,"column":4},"end":{"line":54,"column":4}}},"3":{"name":"mul","line":65,"loc":{"start":{"line":65,"column":4},"end":{"line":77,"column":4}}},"4":{"name":"div","line":90,"loc":{"start":{"line":90,"column":4},"end":{"line":97,"column":4}}},"5":{"name":"mod","line":110,"loc":{"start":{"line":110,"column":4},"end":{"line":113,"column":4}}},"6":{"name":"isContract","line":143,"loc":{"start":{"line":143,"column":4},"end":{"line":154,"column":4}}},"7":{"name":"sendValue","line":172,"loc":{"start":{"line":172,"column":4},"end":{"line":184,"column":4}}},"8":{"name":"functionCall","line":204,"loc":{"start":{"line":204,"column":4},"end":{"line":209,"column":4}}},"9":{"name":"functionCall","line":217,"loc":{"start":{"line":217,"column":4},"end":{"line":223,"column":4}}},"10":{"name":"functionCallWithValue","line":236,"loc":{"start":{"line":236,"column":4},"end":{"line":248,"column":4}}},"11":{"name":"functionCallWithValue","line":256,"loc":{"start":{"line":256,"column":4},"end":{"line":273,"column":4}}},"12":{"name":"functionStaticCall","line":281,"loc":{"start":{"line":281,"column":4},"end":{"line":291,"column":4}}},"13":{"name":"functionStaticCall","line":299,"loc":{"start":{"line":299,"column":4},"end":{"line":309,"column":4}}},"14":{"name":"functionDelegateCall","line":317,"loc":{"start":{"line":317,"column":4},"end":{"line":327,"column":4}}},"15":{"name":"functionDelegateCall","line":335,"loc":{"start":{"line":335,"column":4},"end":{"line":345,"column":4}}},"16":{"name":"_verifyCallResult","line":347,"loc":{"start":{"line":347,"column":4},"end":{"line":368,"column":4}}},"17":{"name":"constructor","line":544,"loc":{"start":{"line":544,"column":4},"end":{"line":551,"column":4}}},"18":{"name":"transferOwnership","line":557,"loc":{"start":{"line":557,"column":4},"end":{"line":559,"column":4}}},"19":{"name":"acceptOwnership","line":564,"loc":{"start":{"line":564,"column":4},"end":{"line":572,"column":4}}},"20":{"name":"owner","line":577,"loc":{"start":{"line":577,"column":4},"end":{"line":579,"column":4}}},"21":{"name":"_transferOwnership","line":584,"loc":{"start":{"line":584,"column":4},"end":{"line":590,"column":4}}},"22":{"name":"_validateOwnership","line":595,"loc":{"start":{"line":595,"column":4},"end":{"line":597,"column":4}}},"23":{"name":"onlyOwner","line":602,"loc":{"start":{"line":602,"column":4},"end":{"line":605,"column":4}}},"24":{"name":"constructor","line":619,"loc":{"start":{"line":617,"column":4},"end":{"line":619,"column":56}}},"25":{"name":"onTokenTransfer","line":639,"loc":{"start":{"line":635,"column":4},"end":{"line":649,"column":4}}},"26":{"name":"validateFromLINK","line":664,"loc":{"start":{"line":664,"column":4},"end":{"line":667,"column":4}}},"27":{"name":"permittedFunctionsForLINK","line":673,"loc":{"start":{"line":673,"column":4},"end":{"line":681,"column":4}}},"28":{"name":"setAuthorizedSenders","line":712,"loc":{"start":{"line":710,"column":4},"end":{"line":726,"column":4}}},"29":{"name":"getAuthorizedSenders","line":732,"loc":{"start":{"line":732,"column":4},"end":{"line":739,"column":4}}},"30":{"name":"isAuthorizedSender","line":746,"loc":{"start":{"line":746,"column":4},"end":{"line":750,"column":4}}},"31":{"name":"_validateI
[...]
e":246,"column":62}},"39":{"start":{"line":247,"column":8},"end":{"line":247,"column":7233}},"40":{"start":{"line":252,"column":8},"end":{"line":252,"column":49}},"41":{"start":{"line":259,"column":8},"end":{"line":259,"column":38}},"42":{"start":{"line":260,"column":8},"end":{"line":260,"column":7683}},"43":{"start":{"line":270,"column":8},"end":{"line":270,"column":38}},"44":{"start":{"line":272,"column":8},"end":{"line":272,"column":8055}},"45":{"start":{"line":283,"column":8},"end":{"line":283,"column":38}},"46":{"start":{"line":284,"column":8},"end":{"line":284,"column":73}},"47":{"start":{"line":286,"column":8},"end":{"line":286,"column":8484}},"48":{"start":{"line":301,"column":8},"end":{"line":301,"column":38}},"49":{"start":{"line":302,"column":8},"end":{"line":302,"column":73}},"50":{"start":{"line":303,"column":8},"end":{"line":303,"column":9069}},"51":{"start":{"line":315,"column":8},"end":{"line":315,"column":37}},"52":{"start":{"line":317,"column":8},"end":{"line":317,"column":9520}},"53":{"start":{"line":319,"column":8},"end":{"line":319,"column":59}},"54":{"start":{"line":321,"column":8},"end":{"line":321,"column":74}},"55":{"start":{"line":322,"column":8},"end":{"line":322,"column":65}},"56":{"start":{"line":323,"column":8},"end":{"line":323,"column":9799}},"57":{"start":{"line":324,"column":12},"end":{"line":324,"column":77}},"58":{"start":{"line":327,"column":8},"end":{"line":327,"column":9964}},"59":{"start":{"line":333,"column":8},"end":{"line":333,"column":10074}},"60":{"start":{"line":334,"column":12},"end":{"line":334,"column":68}},"61":{"start":{"line":336,"column":12},"end":{"line":336,"column":68}},"62":{"start":{"line":345,"column":8},"end":{"line":345,"column":38}},"63":{"start":{"line":346,"column":8},"end":{"line":346,"column":44}},"64":{"start":{"line":349,"column":8},"end":{"line":349,"column":52}},"65":{"start":{"line":350,"column":8},"end":{"line":350,"column":56}},"66":{"start":{"line":352,"column":8},"end":{"line":352,"column":10668}},"67":{"start":{"line":358,"column":8},"end":{"line":358,"column":10839}},"68":{"start":{"line":363,"column":8},"end":{"line":363,"column":10992}},"69":{"start":{"line":378,"column":8},"end":{"line":378,"column":67}},"70":{"start":{"line":379,"column":8},"end":{"line":379,"column":49}},"71":{"start":{"line":380,"column":8},"end":{"line":380,"column":46}},"72":{"start":{"line":382,"column":8},"end":{"line":382,"column":36}},"73":{"start":{"line":383,"column":8},"end":{"line":383,"column":37}},"74":{"start":{"line":386,"column":8},"end":{"line":386,"column":11578}},"75":{"start":{"line":391,"column":8},"end":{"line":391,"column":11740}},"76":{"start":{"line":392,"column":12},"end":{"line":392,"column":77}},"77":{"start":{"line":398,"column":8},"end":{"line":398,"column":11973}},"78":{"start":{"line":399,"column":12},"end":{"line":399,"column":76}},"79":{"start":{"line":403,"column":8},"end":{"line":403,"column":12153}},"80":{"start":{"line":417,"column":8},"end":{"line":417,"column":72}},"81":{"start":{"line":418,"column":8},"end":{"line":418,"column":52}},"82":{"start":{"line":420,"column":8},"end":{"line":420,"column":57}},"83":{"start":{"line":421,"column":8},"end":{"line":421,"column":45}},"84":{"start":{"line":423,"column":8},"end":{"line":423,"column":12722}},"85":{"start":{"line":429,"column":8},"end":{"line":429,"column":12832}},"86":{"start":{"line":430,"column":12},"end":{"line":430,"column":70}},"87":{"start":{"line":432,"column":12},"end":{"line":432,"column":70}},"88":{"start":{"line":451,"column":8},"end":{"line":451,"column":45}},"89":{"start":{"line":457,"column":8},"end":{"line":457,"column":13640}},"90":{"start":{"line":458,"column":12},"end":{"line":458,"column":34}},"91":{"start":{"line":461,"column":8},"end":{"line":461,"column":61}},"92":{"start":{"line":466,"column":8},"end":{"line":466,"column":40}},"93":{"start":{"line":470,"column":8},"end":{"line":470,"column":30}},"94":{"start":{"line":475,"column":8},"end":{"line":475,"column":38}},"95":{"start":{"line":487,"column":8},"end":{"line":487,"column":56}},"96":{"start":{"line":488,"column":8},"end":{"line":488,"column":38}},"97":{"start":{"line":489,"column":8},"end":{"line":489,"column":49}},"98":{"start":{"line":490,"column":8},"end":{"line":490,"column":63}},"99":{"start":{"line":494,"column":8},"end":{"line":494,"column":14934}},"100":{"start":{"line":495,"column":12},"end":{"line":495,"column":56}},"101":{"start":{"line":496,"column":12},"end":{"line":496,"column":15047}},"102":{"start":{"line":501,"column":12},"end":{"line":501,"column":50}},"103":{"start":{"line":504,"column":12},"end":{"line":504,"column":15295}},"104":{"start":{"line":505,"column":16},"end":{"line":505,"column":22}},"105":{"start":{"line":508,"column":12},"end":{"line":508,"column":38}},"106":{"start":{"line":509,"column":12},"end":{"line":509,"column":15417}},"107":{"start":{"line":517,"column":12},"end":{"line":517,"column":76}},"108":{"start":{"line":524,"column":8},"end":{"line":524,"column":15805}},"109":{"start":{"line":530,"column":8},"end":{"line":530,"column":74}},"110":{"start":{"line":537,"column":8},"end":{"line":537,"column":48}},"111":{"start":{"line":541,"column":8},"end":{"line":541,"column":72}},"112":{"start":{"line":544,"column":8},"end":{"line":544,"column":16484}},"113":{"start":{"line":549,"column":8},"end":{"line":549,"column":76}},"114":{"start":{"line":553,"column":8},"end":{"line":553,"column":72}},"115":{"start":{"line":556,"column":8},"end":{"line":556,"column":16895}},"116":{"start":{"line":561,"column":8},"end":{"line":561,"column":77}},"117":{"start":{"line":575,"column":8},"end":{"line":575,"column":17454}},"118":{"start":{"line":576,"column":12},"end":{"line":576,"column":18}},"119":{"start":{"line":579,"column":8},"end":{"line":579,"column":38}},"120":{"start":{"line":580,"column":8},"end":{"line":580,"column":36}},"121":{"start":{"line":582,"column":8},"end":{"line":582,"column":17620}},"122":{"start":{"line":583,"column":12},"end":{"line":583,"column":36}},"123":{"start":{"line":584,"column":12},"end":{"line":584,"column":34}},"124":{"start":{"line":585,"column":15},"end":{"line":585,"column":17741}},"125":{"start":{"line":586,"column":12},"end":{"line":586,"column":34}},"126":{"start":{"line":597,"column":8},"end":{"line":597,"column":25}},"127":{"start":{"line":607,"column":8},"end":{"line":607,"column":23}},"128":{"start":{"line":632,"column":8},"end":{"line":632,"column":19114}},"129":{"start":{"line":635,"column":8},"end":{"line":635,"column":19191}},"130":{"start":{"line":636,"column":12},"end":{"line":636,"column":55}},"131":{"start":{"line":637,"column":15},"end":{"line":637,"column":19296}},"132":{"start":{"line":638,"column":12},"end":{"line":638,"column":56}},"133":{"start":{"line":639,"column":15},"end":{"line":639,"column":19403}},"134":{"start":{"line":640,"column":12},"end":{"line":640,"column":45}},"135":{"start":{"line":641,"column":15},"end":{"line":641,"column":19505}},"136":{"start":{"line":642,"column":12},"end":{"line":642,"column":38}},"137":{"start":{"line":644,"column":8},"end":{"line":644,"column":19602}},"138":{"start":{"line":654,"column":8},"end":{"line":654,"column":57}},"139":{"start":{"line":664,"column":8},"end":{"line":664,"column":51}},"140":{"start":{"line":670,"column":8},"end":{"line":670,"column":34}},"141":{"start":{"line":676,"column":8},"end":{"line":676,"column":38}},"142":{"start":{"line":682,"column":8},"end":{"line":682,"column":38}},"143":{"start":{"line":688,"column":8},"end":{"line":688,"column":43}},"144":{"start":{"line":694,"column":8},"end":{"line":694,"column":58}}},"branchMap":{"1":{"line":48,"type":"if","locations":[{"start":{"line":48,"column":8},"end":{"line":48,"column":8}},{"start":{"line":48,"column":8},"end":{"line":48,"column":8}}]},"2":{"line":49,"type":"cond-expr","locations":[{"start":{"line":49,"column":12},"end":{"line":49,"column":52}},{"start":{"line":50,"column":16},"end":{"line":50,"column":51}}]},"3":{"line":62,"type":"if","locations":[{"start":{"line":62,"column":8},"end":{"line":62,"column":8}},{"start":{"line":62,"column":8},"end":{"line":62,"column":8}}]},"4":{"line":76,"type":"if","locations":[{"start":{"line":76,"column":15},"end":{"line":76,"column":15}},{"start":{"line":76,"column":15},"end":{"line":76,"column":15}}]},"5":{"line":93,"type":"if","locations":[{"start":{"line":93,"column":30},"end":{"line":93,"column":30}},{"start":{"line":93,"column":30},"end":{"line":93,"column":30}}]},"6":{"line":98,"type":"if","locations":[{"start":{"line":98,"column":32},"end":{"line":98,"column":32}},{"start":{"line":98,"column":32},"end":{"line":98,"column":32}}]},"7":{"line":103,"type":"if","locations":[{"start":{"line":103,"column":57},"end":{"line":103,"column":57}},{"start":{"line":103,"column":57},"end":{"line":103,"column":57}}]},"8":{"line":109,"type":"if","locations":[{"start":{"line":109,"column":54},"end":{"line":109,"column":54}},{"start":{"line":109,"column":54},"end":{"line":109,"column":54}}]},"9":{"line":115,"type":"if","locations":[{"start":{"line":115,"column":54},"end":{"line":115,"column":54}},{"start":{"line":115,"column":54},"end":{"line":115,"column":54}}]},"10":{"line":121,"type":"if","locations":[{"start":{"line":121,"column":56},"end":{"line":121,"column":56}},{"start":{"line":121,"column":56},"end":{"line":121,"column":56}}]},"11":{"line":135,"type":"if","locations":[{"start":{"line":135,"column":8},"end":{"line":135,"column":8}},{"start":{"line":135,"column":8},"end":{"line":135,"column":8}}]},"12":{"line":136,"type":"if","locations":[{"start":{"line":136,"column":8},"end":{"line":136,"column":8}},{"start":{"line":136,"column":8},"end":{"line":136,"column":8}}]},"13":{"line":137,"type":"if","locations":[{"start":{"line":137,"column":8},"end":{"line":137,"column":8}},{"start":{"line":137,"column":8},"end":{"line":137,"column":8}}]},"14":{"line":167,"type":"if","locations":[{"start":{"line":167,"column":8},"end":{"line":167,"column":8}},{"start":{"line":167,"column":8},"end":{"line":167,"column":8}}]},"15":{"line":168,"type":"if","locations":[{"start":{"line":168,"column":8},"end":{"line":168,"column":8}},{"start":{"line":168,"column":8},"end":{"line":168,"column":8}}]},"16":{"line":169,"type":"if","locations":[{"start":{"line":169,"column":8},"end":{"line":169,"column":8}},{"start":{"line":169,"column":8},"end":{"line":169,"column":8}}]},"17":{"line":170,"type":"if","locations":[{"start":{"line":170,"column":8},"end":{"line":170,"column":8}},{"start":{"line":170,"column":8},"end":{"line":170,"column":8}}]},"18":{"line":209,"type":"if","locations":[{"start":{"line":209,"column":43},"end":{"line":209,"column":43}},{"start":{"line":209,"column":43},"end":{"line":209,"column":43}}]},"19":{"line":221,"type":"if","locations":[{"start":{"line":221,"column":47},"end":{"line":221,"column":47}},{"start":{"line":221,"column":47},"end":{"line":221,"column":47}}]},"20":{"line":222,"type":"if","locations":[{"start":{"line":222,"column":8},"end":{"line":222,"column":8}},{"start":{"line":222,"column":8},"end":{"line":222,"column":8}}]},"21":{"line":237,"type":"if","locations":[{"start":{"line":237,"column":40},"end":{"line":237,"column":49}},{"start":{"line":237,"column":53},"end":{"line":237,"column":61}}]},"22":{"line":244,"type":"if","locations":[{"start":{"line":244,"column":15},"end":{"line":244,"column":15}},{"start":{"line":244,"column":15},"end":{"line":244,"column":15}}]},"23":{"line":245,"type":"if","locations":[{"start":{"line":245,"column":8},"end":{"line":245,"column":8}},{"start":{"line":245,"column":8},"end":{"line":245,"column":8}}]},"24":{"line":246,"type":"if","locations":[{"start":{"line":246,"column":8},"end":{"line":246,"column":8}},{"start":{"line":246,"column":8},"end":{"line":246,"column":8}}]},"25":{"line":262,"type":"if","locations":[{"start":{"line":262,"column":18},"end":{"line":262,"column":58}},{"start":{"line":263,"column":18},"end":{"line":263,"column":67}}]},"26":{"line":273,"type":"cond-expr","locations":[{"start":{"line":273,"column":13},"end":{"line":273,"column":23}},{"start":{"line":273,"column":28},"end":{"line":273,"column":38}}]},"27":{"line":274,"type":"if","locations":[{"start":{"line":274,"column":18},"end":{"line":274,"column":58}},{"start":{"line":275,"column":18},"end":{"line":275,"column":67}}]},"28":{"line":287,"type":"cond-expr","locations":[{"start":{"line":287,"column":13},"end":{"line":287,"column":23}},{"start":{"line":287,"column":28},"end":{"line":287,"column":38}}]},"29":{"line":288,"type":"if","locations":[{"start":{"line":288,"column":18},"end":{"line":288,"column":58}},{"start":{"line":289,"column":18},"end":{"line":293,"column":16}}]},"30":{"line":305,"type":"if","locations":[{"start":{"line":305,"column":18},"end":{"line":305,"column":58}},{"start":{"line":306,"column":18},"end":{"line":310,"column":16}}]},"31":{"line":321,"type":"if","locations":[{"start":{"line":321,"column":8},"end":{"line":321,"column":8}},{"start":{"line":321,"column":8},"end":{"line":321,"column":8}}]},"32":{"line":322,"type":"if","locations":[{"start":{"line":322,"column":8},"end":{"line":322,"column":8}},{"start":{"line":322,"column":8},"end":{"line":322,"column":8}}]},"33":{"line":323,"type":"if","locations":[{"start":{"line":323,"column":8},"end":{"line":323,"column":8}},{"start":{"line":323,"column":8},"end":{"line":323,"column":8}}]},"34":{"line":324,"type":"if","locations":[{"start":{"line":324,"column":12},"end":{"line":324,"column":12}},{"start":{"line":324,"column":12},"end":{"line":324,"column":12}}]},"35":{"line":333,"type":"if","locations":[{"start":{"line":333,"column":8},"end":{"line":333,"column":8}},{"start":{"line":333,"column":8},"end":{"line":333,"column":8}}]},"36":{"line":334,"type":"if","locations":[{"start":{"line":334,"column":12},"end":{"line":334,"column":12}},{"start":{"line":334,"column":12},"end":{"line":334,"column":12}}]},"37":{"line":336,"type":"if","locations":[{"start":{"line":336,"column":12},"end":{"line":336,"column":12}},{"start":{"line":336,"column":12},"end":{"line":336,"column":12}}]},"38":{"line":358,"type":"if","locations":[{"start":{"line":358,"column":8},"end":{"line":358,"column":8}},{"start":{"line":358,"column":8},"end":{"line":358,"column":8}}]},"39":{"line":378,"type":"if","locations":[{"start":{"line":378,"column":8},"end":{"line":378,"column":8}},{"start":{"line":378,"column":8},"end":{"line":378,"column":8}}]},"40":{"line":386,"type":"if","locations":[{"start":{"line":386,"column":8},"end":{"line":386,"column":8}},{"start":{"line":386,"column":8},"end":{"line":386,"column":8}}]},"41":{"line":391,"type":"if","locations":[{"start":{"line":391,"column":8},"end":{"line":391,"column":8}},{"start":{"line":391,"column":8},"end":{"line":391,"column":8}}]},"42":{"line":398,"type":"if","locations":[{"start":{"line":398,"column":8},"end":{"line":398,"column":8}},{"start":{"line":398,"column":8},"end":{"line":398,"column":8}}]},"43":{"line":417,"type":"if","locations":[{"start":{"line":417,"column":8},"end":{"line":417,"column":8}},{"start":{"line":417,"column":8},"end":{"line":417,"column":8}}]},"44":{"line":418,"type":"if","locations":[{"start":{"line":418,"column":8},"end":{"line":418,"column":8}},{"start":{"line":418,"column":8},"end":{"line":418,"column":8}}]},"45":{"line":429,"type":"if","locations":[{"start":{"line":429,"column":8},"end":{"line":429,"column":8}},{"start":{"line":429,"column":8},"end":{"line":429,"column":8}}]},"46":{"line":430,"type":"if","locations":[{"start":{"line":430,"column":12},"end":{"line":430,"column":12}},{"start":{"line":430,"column":12},"end":{"line":430,"column":12}}]},"47":{"line":432,"type":"if","locations":[{"start":{"line":432,"column":12},"end":{"line":432,"column":12}},{"start":{"line":432,"column":12},"end":{"line":432,"column":12}}]},"48":{"line":448,"type":"if","locations":[{"start":{"line":448,"column":14},"end":{"line":448,"column":37}},{"start":{"line":449,"column":14},"end":{"line":449,"column":37}}]},"49":{"line":457,"type":"if","locations":[{"start":{"line":457,"column":8},"end":{"line":457,"column":8}},{"start":{"line":457,"column":8},"end":{"line":457,"column":8}}]},"50":{"line":457,"type":"cond-expr","locations":[{"start":{"line":457,"column":12},"end":{"line":457,"column":35}},{"start":{"line":457,"column":40},"end":{"line":457,"column":76}}]},"51":{"line":469,"type":"if","locations":[{"start":{"line":469,"column":53},"end":{"line":469,"column":53}},{"start":{"line":469,"column":53},"end":{"line":469,"column":53}}]},"52":{"line":504,"type":"if","locations":[{"start":{"line":504,"column":12},"end":{"line":504,"column":12}},{"start":{"line":504,"column":12},"end":{"line":504,"column":12}}]},"53":{"line":540,"type":"if","locations":[{"start":{"line":540,"column":59},"end":{"line":540,"column":59}},{"start":{"line":540,"column":59},"end":{"line":540,"column":59}}]},"54":{"line":541,"type":"if","locations":[{"start":{"line":541,"column":8},"end":{"line":541,"column":8}},{"start":{"line":541,"column":8},"end":{"line":541,"column":8}}]},"55":{"line":552,"type":"if","locations":[{"start":{"line":552,"column":60},"end":{"line":552,"column":60}},{"start":{"line":552,"column":60},"end":{"line":552,"column":60}}]},"56":{"line":553,"type":"if","locations":[{"start":{"line":553,"column":8},"end":{"line":553,"column":8}},{"start":{"line":553,"column":8},"end":{"line":553,"column":8}}]},"57":{"line":575,"type":"if","locations":[{"start":{"line":575,"column":8},"end":{"line":575,"column":8}},{"start":{"line":575,"column":8},"end":{"line":575,"column":8}}]},"58":{"line":575,"type":"cond-expr","locations":[{"start":{"line":575,"column":12},"end":{"line":575,"column":29}},{"start":{"line":575,"column":34},"end":{"line":575,"column":49}}]},"59":{"line":582,"type":"if","locations":[{"start":{"line":582,"column":8},"end":{"line":582,"column":8}},{"start":{"line":582,"column":8},"end":{"line":582,"column":8}}]},"60":{"line":585,"type":"if","locations":[{"start":{"line":585,"column":15},"end":{"line":585,"column":15}},{"start":{"line":585,"column":15},"end":{"line":585,"column":15}}]},"61":{"line":627,"type":"if","locations":[{"start":{"line":627,"column":15},"end":{"line":627,"column":15}},{"start":{"line":627,"column":15},"end":{"line":627,"column":15}}]},"62":{"line":635,"type":"if","locations":[{"start":{"line":635,"column":8},"end":{"line":635,"column":8}},{"start":{"line":635,"column":8},"end":{"line":635,"column":8}}]},"63":{"line":637,"type":"if","locations":[{"start":{"line":637,"column":15},"end":{"line":637,"column":15}},{"start":{"line":637,"column":15},"end":{"line":637,"column":15}}]},"64":{"line":639,"type":"if","locations":[{"start":{"line":639,"column":15},"end":{"line":639,"column":15}},{"start":{"line":639,"column":15},"end":{"line":639,"column":15}}]},"65":{"line":641,"type":"if","locations":[{"start":{"line":641,"column":15},"end":{"line":641,"column":15}},{"start":{"line":641,"column":15},"end":{"line":641,"column":15}}]},"66":{"line":663,"type":"if","locations":[{"start":{"line":663,"column":24},"end":{"line":663,"column":24}},{"start":{"line":663,"column":24},"end":{"line":663,"column":24}}]},"67":{"line":669,"type":"if","locations":[{"start":{"line":669,"column":24},"end":{"line":669,"column":24}},{"start":{"line":669,"column":24},"end":{"line":669,"column":24}}]},"68":{"line":675,"type":"if","locations":[{"start":{"line":675,"column":24},"end":{"line":675,"column":24}},{"start":{"line":675,"column":24},"end":{"line":675,"column":24}}]},"69":{"line":681,"type":"if","locations":[{"start":{"line":681,"column":24},"end":{"line":681,"column":24}},{"start":{"line":681,"column":24},"end":{"line":681,"column":24}}]},"70":{"line":687,"type":"if","locations":[{"start":{"line":687,"column":24},"end":{"line":687,"column":24}},{"start":{"line":687,"column":24},"end":{"line":687,"column":24}}]},"71":{"line":693,"type":"if","locations":[{"start":{"line":693,"column":24},"end":{"line":693,"column":24}},{"start":{"line":693,"column":24},"end":{"line":693,"column":24}}]}}}}
