TN:
SF:/Users/nhutdang/Desktop/openeden/ERC4626/contracts/BaseVault.sol
FN:29,constructor
FN:61,setTransactionFee
FN:66,setFirstDeposit
FN:71,setMinDeposit
FN:76,setMaxDeposit
FN:81,setMaxWithdraw
FN:88,setTargetReservesLevel
FN:95,setOnchainServiceFeeRate
FN:102,setOffchainServiceFeeRate
FN:107,getTransactionFee
FN:111,getMinMaxDeposit
FN:119,getMaxWithdraw
FN:123,getTargetReservesLevel
FN:131,getOnchainAndOffChainServiceFeeRate
FN:139,getFirstDeposit
FNF:15
FNH:15
FNDA:105,constructor
FNDA:1,setTransactionFee
FNDA:1,setFirstDeposit
FNDA:1,setMinDeposit
FNDA:1,setMaxDeposit
FNDA:1,setMaxWithdraw
FNDA:1,setTargetReservesLevel
FNDA:1,setOnchainServiceFeeRate
FNDA:1,setOffchainServiceFeeRate
FNDA:53,getTransactionFee
FNDA:43,getMinMaxDeposit
FNDA:15,getMaxWithdraw
FNDA:1,getTargetReservesLevel
FNDA:9,getOnchainAndOffChainServiceFeeRate
FNDA:43,getFirstDeposit
DA:41,105
DA:42,105
DA:43,105
DA:44,105
DA:45,105
DA:46,105
DA:47,105
DA:48,105
DA:62,1
DA:63,1
DA:67,1
DA:68,1
DA:72,1
DA:73,1
DA:77,1
DA:78,1
DA:82,1
DA:83,1
DA:89,1
DA:90,1
DA:96,1
DA:97,1
DA:103,1
DA:104,1
DA:108,53
DA:116,43
DA:120,15
DA:128,1
DA:136,9
DA:140,43
LF:30
LH:30
BRDA:61,1,0,1
BRDA:61,1,1,1
BRDA:66,2,0,1
BRDA:66,2,1,1
BRDA:71,3,0,1
BRDA:71,3,1,1
BRDA:76,4,0,1
BRDA:76,4,1,1
BRDA:81,5,0,1
BRDA:81,5,1,1
BRDA:88,6,0,1
BRDA:88,6,1,1
BRDA:95,7,0,1
BRDA:95,7,1,1
BRDA:102,8,0,1
BRDA:102,8,1,1
BRF:16
BRH:16
end_of_record
TN:
SF:/Users/nhutdang/Desktop/openeden/ERC4626/contracts/ChainlinkAccessor.sol
FN:49,init
FN:65,_requestTotalOffchainAssets
FN:99,getChainLinkParameters
FN:107,getRequestData
FN:119,_setChainlinkOracleAddress
FN:124,_setChainlinkFee
FN:129,_setChainlinkJobId
FN:134,_setChainlinkURLData
FN:139,_setPathToOffchainAssets
FN:144,_setPathToTotalOffchainAssetAtLastClose
FNF:10
FNH:10
FNDA:33,init
FNDA:59,_requestTotalOffchainAssets
FNDA:2,getChainLinkParameters
FNDA:58,getRequestData
FNDA:2,_setChainlinkOracleAddress
FNDA:2,_setChainlinkFee
FNDA:2,_setChainlinkJobId
FNDA:2,_setChainlinkURLData
FNDA:2,_setPathToOffchainAssets
FNDA:2,_setPathToTotalOffchainAssetAtLastClose
DA:54,33
DA:55,33
DA:56,33
DA:57,33
DA:58,33
DA:60,33
DA:61,33
DA:62,33
DA:71,59
DA:78,59
DA:82,59
DA:83,8
DA:85,51
DA:88,59
DA:89,59
DA:90,59
DA:92,59
DA:95,59
DA:104,2
DA:110,58
DA:111,58
DA:112,58
DA:120,2
DA:121,2
DA:125,2
DA:126,2
DA:130,2
DA:131,2
DA:135,2
DA:136,2
DA:140,2
DA:141,2
DA:147,2
DA:148,2
LF:34
LH:34
BRDA:82,1,0,8
BRDA:82,1,1,51
BRF:2
BRH:2
end_of_record
TN:
SF:/Users/nhutdang/Desktop/openeden/ERC4626/contracts/DoubleQueueModified.sol
FN:53,pushBack
FN:66,popFront
FN:83,front
FN:97,at
FN:107,_toInt128
FN:112,_toInt256
FN:127,clear
FN:135,length
FN:146,empty
FNF:9
FNH:8
FNDA:5,pushBack
FNDA:1,popFront
FNDA:2,front
FNDA:2,at
FNDA:2,_toInt128
FNDA:2,_toInt256
FNDA:0,clear
FNDA:9,length
FNDA:12,empty
DA:54,5
DA:55,5
DA:56,5
DA:57,5
DA:69,1
DA:70,1
DA:71,1
DA:72,1
DA:73,1
DA:74,1
DA:86,2
DA:87,2
DA:88,2
DA:102,2
DA:103,2
DA:104,2
DA:108,2
DA:109,2
DA:114,2
DA:118,2
DA:128,0
DA:129,0
DA:138,9
DA:139,9
DA:147,12
LF:25
LH:23
BRDA:69,1,0,0
BRDA:69,1,1,1
BRDA:86,2,0,0
BRDA:86,2,1,2
BRDA:103,3,0,0
BRDA:103,3,1,2
BRDA:109,4,0,2
BRDA:109,4,1,0
BRDA:114,5,0,2
BRDA:114,5,1,0
BRF:10
BRH:5
end_of_record
TN:
SF:/Users/nhutdang/Desktop/openeden/ERC4626/contracts/external/chainlink/Chainlink.sol
FN:33,initialize
FN:52,setBuffer
FN:63,add
FN:78,addBytes
FN:93,addInt
FN:108,addUint
FN:123,addStringArray
FNF:7
FNH:3
FNDA:59,initialize
FNDA:0,setBuffer
FNDA:118,add
FNDA:0,addBytes
FNDA:59,addInt
FNDA:0,addUint
FNDA:0,addStringArray
DA:39,59
DA:40,59
DA:41,59
DA:42,59
DA:43,59
DA:53,0
DA:54,0
DA:68,118
DA:69,118
DA:83,0
DA:84,0
DA:98,59
DA:99,59
DA:113,0
DA:114,0
DA:128,0
DA:129,0
DA:130,0
DA:131,0
DA:133,0
LF:20
LH:9
BRF:0
BRH:0
end_of_record
TN:
SF:/Users/nhutdang/Desktop/openeden/ERC4626/contracts/external/chainlink/ChainlinkClientModified.sol
FN:41,init
FN:52,buildChainlinkRequest
FN:67,buildOperatorRequest
FN:82,sendChainlinkRequest
FN:99,sendChainlinkRequestTo
FN:128,sendOperatorRequest
FN:146,sendOperatorRequestTo
FN:174,_rawRequest
FN:199,cancelChainlinkRequest
FN:223,getNextRequestCount
FN:231,setChainlinkOracle
FN:239,setChainlinkToken
FN:247,setPublicChainlinkToken
FN:255,chainlinkTokenAddress
FN:263,chainlinkOracleAddress
FN:276,addChainlinkExternalRequest
FN:286,useChainlinkWithENS
FN:303,updateChainlinkOracleWithENS
FN:322,validateChainlinkCallback
FN:333,recordChainlinkFulfillment
FN:347,notPendingRequest
FNF:21
FNH:8
FNDA:33,init
FNDA:59,buildChainlinkRequest
FNDA:0,buildOperatorRequest
FNDA:59,sendChainlinkRequest
FNDA:59,sendChainlinkRequestTo
FNDA:0,sendOperatorRequest
FNDA:0,sendOperatorRequestTo
FNDA:59,_rawRequest
FNDA:0,cancelChainlinkRequest
FNDA:0,getNextRequestCount
FNDA:35,setChainlinkOracle
FNDA:33,setChainlinkToken
FNDA:0,setPublicChainlinkToken
FNDA:0,chainlinkTokenAddress
FNDA:0,chainlinkOracleAddress
FNDA:0,addChainlinkExternalRequest
FNDA:0,useChainlinkWithENS
FNDA:0,updateChainlinkOracleWithENS
FNDA:0,validateChainlinkCallback
FNDA:58,recordChainlinkFulfillment
FNDA:0,notPendingRequest
DA:42,33
DA:57,59
DA:58,59
DA:71,0
DA:72,0
DA:86,59
DA:104,59
DA:105,59
DA:106,59
DA:117,59
DA:132,0
DA:151,0
DA:152,0
DA:153,0
DA:163,0
DA:180,59
DA:181,59
DA:182,59
DA:183,59
DA:205,0
DA:208,0
DA:209,0
DA:210,0
DA:224,0
DA:232,35
DA:240,33
DA:248,0
DA:256,0
DA:264,0
DA:277,0
DA:287,0
DA:288,0
DA:289,0
DA:292,0
DA:295,0
DA:296,0
DA:304,0
DA:307,0
DA:310,0
DA:334,58
DA:338,58
DA:339,58
DA:340,58
DA:348,0
DA:352,0
LF:45
LH:18
BRDA:183,1,0,59
BRDA:183,1,1,0
BRDA:276,2,0,0
BRDA:276,2,1,0
BRDA:322,3,0,0
BRDA:322,3,1,0
BRDA:334,4,0,58
BRDA:334,4,1,0
BRDA:348,5,0,0
BRDA:348,5,1,0
BRF:10
BRH:2
end_of_record
TN:
SF:/Users/nhutdang/Desktop/openeden/ERC4626/contracts/external/chainlink/interfaces/ChainlinkRequestInterface.sol
FNF:0
FNH:0
LF:0
LH:0
BRF:0
BRH:0
end_of_record
TN:
SF:/Users/nhutdang/Desktop/openeden/ERC4626/contracts/external/chainlink/interfaces/ENSInterface.sol
FNF:0
FNH:0
LF:0
LH:0
BRF:0
BRH:0
end_of_record
TN:
SF:/Users/nhutdang/Desktop/openeden/ERC4626/contracts/external/chainlink/interfaces/LinkTokenInterface.sol
FNF:0
FNH:0
LF:0
LH:0
BRF:0
BRH:0
end_of_record
TN:
SF:/Users/nhutdang/Desktop/openeden/ERC4626/contracts/external/chainlink/interfaces/OperatorInterface.sol
FNF:0
FNH:0
LF:0
LH:0
BRF:0
BRH:0
end_of_record
TN:
SF:/Users/nhutdang/Desktop/openeden/ERC4626/contracts/external/chainlink/interfaces/OracleInterface.sol
FNF:0
FNH:0
LF:0
LH:0
BRF:0
BRH:0
end_of_record
TN:
SF:/Users/nhutdang/Desktop/openeden/ERC4626/contracts/external/chainlink/interfaces/PointerInterface.sol
FNF:0
FNH:0
LF:0
LH:0
BRF:0
BRH:0
end_of_record
TN:
SF:/Users/nhutdang/Desktop/openeden/ERC4626/contracts/external/chainlink/vendor/BufferChainlink.sol
FN:29,init
FN:50,fromBytes
FN:57,resize
FN:63,max
FN:75,truncate
FN:92,write
FN:150,append
FN:165,append
FN:177,writeUint8
FN:209,appendUint8
FN:222,write
FN:259,writeBytes20
FN:274,appendBytes20
FN:285,appendBytes32
FN:298,writeInt
FN:330,appendInt
FNF:16
FNH:7
FNDA:59,init
FNDA:0,fromBytes
FNDA:0,resize
FNDA:0,max
FNDA:0,truncate
FNDA:295,write
FNDA:0,append
FNDA:295,append
FNDA:354,writeUint8
FNDA:354,appendUint8
FNDA:0,write
FNDA:0,writeBytes20
FNDA:0,appendBytes20
FNDA:0,appendBytes32
FNDA:126,writeInt
FNDA:126,appendInt
DA:30,59
DA:31,0
DA:34,59
DA:35,59
DA:41,59
DA:51,0
DA:52,0
DA:53,0
DA:54,0
DA:58,0
DA:59,0
DA:60,0
DA:64,0
DA:65,0
DA:67,0
DA:76,0
DA:80,0
DA:98,295
DA:100,295
DA:101,0
DA:104,295
DA:105,295
DA:106,295
DA:121,295
DA:122,67
DA:125,67
DA:126,67
DA:130,295
DA:131,295
DA:132,295
DA:139,295
DA:155,0
DA:166,295
DA:182,354
DA:183,0
DA:186,354
DA:199,354
DA:210,354
DA:228,0
DA:229,0
DA:232,0
DA:233,0
DA:235,0
DA:236,0
DA:248,0
DA:264,0
DA:275,0
DA:286,0
DA:304,126
DA:305,0
DA:308,126
DA:309,126
DA:320,126
DA:335,126
LF:54
LH:27
BRDA:30,1,0,0
BRDA:30,1,1,59
BRDA:64,2,0,0
BRDA:64,2,1,0
BRDA:98,3,0,295
BRDA:98,3,1,0
BRDA:100,4,0,0
BRDA:100,4,1,295
BRDA:182,5,0,0
BRDA:182,5,1,354
BRDA:228,6,0,0
BRDA:228,6,1,0
BRDA:304,7,0,0
BRDA:304,7,1,126
BRF:14
BRH:5
end_of_record
TN:
SF:/Users/nhutdang/Desktop/openeden/ERC4626/contracts/external/chainlink/vendor/CBORChainlink.sol
FN:21,encodeFixedNumeric
FN:39,encodeIndefiniteLengthType
FN:43,encodeUInt
FN:51,encodeInt
FN:63,encodeBytes
FN:68,encodeBigNum
FN:73,encodeSignedBigNum
FN:78,encodeString
FN:83,startArray
FN:87,startMap
FN:91,endSequence
FNF:11
FNH:3
FNDA:354,encodeFixedNumeric
FNDA:0,encodeIndefiniteLengthType
FNDA:0,encodeUInt
FNDA:59,encodeInt
FNDA:0,encodeBytes
FNDA:0,encodeBigNum
FNDA:0,encodeSignedBigNum
FNDA:295,encodeString
FNDA:0,startArray
FNDA:0,startMap
FNDA:0,endSequence
DA:22,354
DA:23,228
DA:25,67
DA:26,67
DA:28,0
DA:29,0
DA:31,59
DA:32,59
DA:34,0
DA:35,0
DA:40,0
DA:44,0
DA:45,0
DA:47,0
DA:52,59
DA:53,0
DA:55,0
DA:57,59
DA:59,0
DA:64,0
DA:65,0
DA:69,0
DA:70,0
DA:74,0
DA:75,0
DA:79,295
DA:80,295
DA:84,0
DA:88,0
DA:92,0
LF:30
LH:10
BRDA:22,1,0,228
BRDA:22,1,1,126
BRDA:24,2,0,67
BRDA:24,2,1,59
BRDA:27,3,0,0
BRDA:27,3,1,59
BRDA:30,4,0,59
BRDA:30,4,1,0
BRDA:44,5,0,0
BRDA:44,5,1,0
BRDA:52,6,0,0
BRDA:52,6,1,59
BRDA:54,7,0,0
BRDA:54,7,1,59
BRDA:56,8,0,59
BRDA:56,8,1,0
BRF:16
BRH:9
end_of_record
TN:
SF:/Users/nhutdang/Desktop/openeden/ERC4626/contracts/external/chainlink/vendor/ENSResolver.sol
FNF:0
FNH:0
LF:0
LH:0
BRF:0
BRH:0
end_of_record
TN:
SF:/Users/nhutdang/Desktop/openeden/ERC4626/contracts/interfaces/Action.sol
FNF:0
FNH:0
LF:0
LH:0
BRF:0
BRH:0
end_of_record
TN:
SF:/Users/nhutdang/Desktop/openeden/ERC4626/contracts/interfaces/IBaseVault.sol
FNF:0
FNH:0
LF:0
LH:0
BRF:0
BRH:0
end_of_record
TN:
SF:/Users/nhutdang/Desktop/openeden/ERC4626/contracts/interfaces/IChainlinkAccessor.sol
FNF:0
FNH:0
LF:0
LH:0
BRF:0
BRH:0
end_of_record
TN:
SF:/Users/nhutdang/Desktop/openeden/ERC4626/contracts/interfaces/IKycManager.sol
FNF:0
FNH:0
LF:0
LH:0
BRF:0
BRH:0
end_of_record
TN:
SF:/Users/nhutdang/Desktop/openeden/ERC4626/contracts/interfaces/IOpenEdenVault.sol
FNF:0
FNH:0
LF:0
LH:0
BRF:0
BRH:0
end_of_record
TN:
SF:/Users/nhutdang/Desktop/openeden/ERC4626/contracts/KycManager.sol
FN:20,grantKyc
FN:31,revokeKyc
FN:38,banned
FN:44,unBanned
FN:50,setStrict
FN:58,getUserInfo
FN:64,onlyNotBanned
FN:68,onlyKyc
FN:75,isBanned
FN:79,isKyc
FN:83,isUSKyc
FN:87,isNonUSKyc
FN:91,isStrict
FNF:13
FNH:13
FNDA:135,grantKyc
FNDA:2,revokeKyc
FNDA:1,banned
FNDA:1,unBanned
FNDA:2,setStrict
FNDA:1,getUserInfo
FNDA:90,onlyNotBanned
FNDA:69,onlyKyc
FNDA:2,isBanned
FNDA:3,isKyc
FNDA:12,isUSKyc
FNDA:2,isNonUSKyc
FNDA:14,isStrict
DA:21,135
DA:26,134
DA:27,134
DA:28,134
DA:32,2
DA:33,2
DA:35,2
DA:39,1
DA:40,1
DA:41,1
DA:45,1
DA:46,1
DA:47,1
DA:51,2
DA:52,2
DA:61,1
DA:65,90
DA:69,69
DA:76,2
DA:80,3
DA:84,12
DA:88,2
DA:92,14
LF:23
LH:23
BRDA:20,1,0,135
BRDA:20,1,1,1
BRDA:21,2,0,134
BRDA:21,2,1,1
BRDA:22,3,0,34
BRDA:22,3,1,100
BRDA:31,4,0,2
BRDA:31,4,1,1
BRDA:38,5,0,1
BRDA:38,5,1,1
BRDA:44,6,0,1
BRDA:44,6,1,1
BRDA:50,7,0,2
BRDA:50,7,1,1
BRDA:65,8,0,88
BRDA:65,8,1,2
BRDA:69,9,0,64
BRDA:69,9,1,5
BRF:18
BRH:18
end_of_record
TN:
SF:/Users/nhutdang/Desktop/openeden/ERC4626/contracts/mock/chainlink/test/APIConsumer.sol
FN:34,constructor
FN:51,requestVolumeData
FN:94,fulfill
FN:103,withdrawLink
FNF:4
FNH:0
FNDA:0,constructor
FNDA:0,requestVolumeData
FNDA:0,fulfill
FNDA:0,withdrawLink
DA:35,0
DA:36,0
DA:38,0
DA:40,0
DA:41,0
DA:42,0
DA:52,0
DA:59,0
DA:75,0
DA:78,0
DA:79,0
DA:82,0
DA:95,0
DA:96,0
LF:14
LH:0
BRDA:35,1,0,0
BRDA:35,1,1,0
BRDA:94,2,0,0
BRDA:94,2,1,0
BRF:4
BRH:0
end_of_record
TN:
SF:/Users/nhutdang/Desktop/openeden/ERC4626/contracts/mock/chainlink/test/LinkToken.sol
FN:161,_msgSender
FN:165,_msgData
FN:194,tryAdd
FN:208,trySub
FN:221,tryMul
FN:239,tryDiv
FN:252,tryMod
FN:270,add
FN:286,sub
FN:301,mul
FN:320,div
FN:337,mod
FN:355,sub
FN:379,div
FN:403,mod
FN:463,constructor
FN:472,name
FN:480,symbol
FN:497,decimals
FN:504,totalSupply
FN:511,balanceOf
FN:525,transfer
FN:536,allowance
FN:550,approve
FN:571,transferFrom
FN:600,increaseAllowance
FN:626,decreaseAllowance
FN:655,_transfer
FN:682,_mint
FN:703,_burn
FN:729,_approve
FN:748,_setupDecimals
FN:766,_beforeTokenTransfer
FN:790,burn
FN:805,burnFrom
FN:831,constructor
FN:839,transferOwnership
FN:848,acceptOwnership
FN:861,onlyOwner
FN:898,constructor
FN:906,hasAccess
FN:917,addAccess
FN:929,removeAccess
FN:940,enableAccessCheck
FN:951,disableAccessCheck
FN:962,checkAccess
FN:985,increaseApproval
FN:1006,decreaseApproval
FN:1056,transferAndCall
FN:1071,contractFallback
FN:1080,isContract
FN:1099,constructor
FN:1112,typeAndVersion
FN:1127,_onCreate
FN:1139,_transfer
FN:1151,_approve
FN:1159,validAddress
FN:1188,_onCreate
FN:1197,typeAndVersion
FN:1214,mint
FN:1224,burn
FN:1235,burnFrom
FN:1240,_transfer
FN:1249,_approve
FNF:64
FNH:15
FNDA:125,_msgSender
FNDA:0,_msgData
FNDA:0,tryAdd
FNDA:0,trySub
FNDA:0,tryMul
FNDA:0,tryDiv
FNDA:0,tryMod
FNDA:323,add
FNDA:0,sub
FNDA:0,mul
FNDA:0,div
FNDA:0,mod
FNDA:125,sub
FNDA:0,div
FNDA:0,mod
FNDA:99,constructor
FNDA:0,name
FNDA:0,symbol
FNDA:0,decimals
FNDA:0,totalSupply
FNDA:0,balanceOf
FNDA:125,transfer
FNDA:0,allowance
FNDA:0,approve
FNDA:0,transferFrom
FNDA:0,increaseAllowance
FNDA:0,decreaseAllowance
FNDA:125,_transfer
FNDA:99,_mint
FNDA:0,_burn
FNDA:0,_approve
FNDA:0,_setupDecimals
FNDA:224,_beforeTokenTransfer
FNDA:0,burn
FNDA:0,burnFrom
FNDA:0,constructor
FNDA:0,transferOwnership
FNDA:0,acceptOwnership
FNDA:0,onlyOwner
FNDA:0,constructor
FNDA:0,hasAccess
FNDA:0,addAccess
FNDA:0,removeAccess
FNDA:0,enableAccessCheck
FNDA:0,disableAccessCheck
FNDA:0,checkAccess
FNDA:0,increaseApproval
FNDA:0,decreaseApproval
FNDA:59,transferAndCall
FNDA:59,contractFallback
FNDA:59,isContract
FNDA:99,constructor
FNDA:0,typeAndVersion
FNDA:99,_onCreate
FNDA:125,_transfer
FNDA:0,_approve
FNDA:125,validAddress
FNDA:0,_onCreate
FNDA:0,typeAndVersion
FNDA:0,mint
FNDA:0,burn
FNDA:0,burnFrom
FNDA:0,_transfer
FNDA:0,_approve
DA:162,125
DA:166,0
DA:167,0
DA:198,0
DA:199,0
DA:200,0
DA:212,0
DA:213,0
DA:228,0
DA:229,0
DA:230,0
DA:231,0
DA:243,0
DA:244,0
DA:256,0
DA:257,0
DA:271,323
DA:272,323
DA:273,323
DA:287,0
DA:288,0
DA:302,0
DA:303,0
DA:304,0
DA:305,0
DA:321,0
DA:322,0
DA:338,0
DA:339,0
DA:360,125
DA:361,125
DA:384,0
DA:385,0
DA:408,0
DA:409,0
DA:464,99
DA:465,99
DA:466,99
DA:473,0
DA:481,0
DA:498,0
DA:505,0
DA:514,0
DA:529,125
DA:530,125
DA:540,0
DA:554,0
DA:555,0
DA:576,0
DA:577,0
DA:585,0
DA:604,0
DA:609,0
DA:630,0
DA:638,0
DA:660,125
DA:661,125
DA:663,125
DA:665,125
DA:669,125
DA:670,125
DA:683,99
DA:685,99
DA:687,99
DA:688,99
DA:689,99
DA:704,0
DA:706,0
DA:708,0
DA:712,0
DA:713,0
DA:734,0
DA:735,0
DA:737,0
DA:738,0
DA:749,0
DA:791,0
DA:806,0
DA:811,0
DA:812,0
DA:832,0
DA:840,0
DA:842,0
DA:849,0
DA:851,0
DA:852,0
DA:853,0
DA:855,0
DA:862,0
DA:863,0
DA:899,0
DA:910,0
DA:918,0
DA:919,0
DA:921,0
DA:930,0
DA:931,0
DA:933,0
DA:941,0
DA:942,0
DA:944,0
DA:952,0
DA:953,0
DA:955,0
DA:963,0
DA:964,0
DA:989,0
DA:1010,0
DA:1061,59
DA:1062,59
DA:1063,59
DA:1064,59
DA:1066,59
DA:1076,59
DA:1077,59
DA:1081,59
DA:1082,59
DA:1085,59
DA:1100,99
DA:1119,0
DA:1128,99
DA:1140,125
DA:1152,0
DA:1160,125
DA:1164,125
DA:1204,0
DA:1215,0
DA:1225,0
DA:1236,0
DA:1245,0
DA:1254,0
LF:131
LH:37
BRDA:199,1,0,0
BRDA:199,1,1,0
BRDA:212,2,0,0
BRDA:212,2,1,0
BRDA:228,3,0,0
BRDA:228,3,1,0
BRDA:230,4,0,0
BRDA:230,4,1,0
BRDA:243,5,0,0
BRDA:243,5,1,0
BRDA:256,6,0,0
BRDA:256,6,1,0
BRDA:272,7,0,323
BRDA:272,7,1,0
BRDA:287,8,0,0
BRDA:287,8,1,0
BRDA:302,9,0,0
BRDA:302,9,1,0
BRDA:304,10,0,0
BRDA:304,10,1,0
BRDA:321,11,0,0
BRDA:321,11,1,0
BRDA:338,12,0,0
BRDA:338,12,1,0
BRDA:360,13,0,125
BRDA:360,13,1,0
BRDA:384,14,0,0
BRDA:384,14,1,0
BRDA:408,15,0,0
BRDA:408,15,1,0
BRDA:660,16,0,125
BRDA:660,16,1,0
BRDA:661,17,0,125
BRDA:661,17,1,0
BRDA:683,18,0,99
BRDA:683,18,1,0
BRDA:704,19,0,0
BRDA:704,19,1,0
BRDA:734,20,0,0
BRDA:734,20,1,0
BRDA:735,21,0,0
BRDA:735,21,1,0
BRDA:839,22,0,0
BRDA:839,22,1,0
BRDA:849,23,0,0
BRDA:849,23,1,0
BRDA:862,24,0,0
BRDA:862,24,1,0
BRDA:910,25,0,0
BRDA:910,25,1,0
BRDA:917,26,0,0
BRDA:917,26,1,0
BRDA:918,27,0,0
BRDA:918,27,1,0
BRDA:929,28,0,0
BRDA:929,28,1,0
BRDA:930,29,0,0
BRDA:930,29,1,0
BRDA:940,30,0,0
BRDA:940,30,1,0
BRDA:941,31,0,0
BRDA:941,31,1,0
BRDA:951,32,0,0
BRDA:951,32,1,0
BRDA:952,33,0,0
BRDA:952,33,1,0
BRDA:963,34,0,0
BRDA:963,34,1,0
BRDA:1063,35,0,59
BRDA:1063,35,1,0
BRDA:1139,36,0,125
BRDA:1139,36,1,0
BRDA:1151,37,0,0
BRDA:1151,37,1,0
BRDA:1160,38,0,125
BRDA:1160,38,1,0
BRDA:1214,39,0,0
BRDA:1214,39,1,0
BRDA:1224,40,0,0
BRDA:1224,40,1,0
BRDA:1235,41,0,0
BRDA:1235,41,1,0
BRF:82
BRH:8
end_of_record
TN:
SF:/Users/nhutdang/Desktop/openeden/ERC4626/contracts/mock/chainlink/test/MockOracle.sol
FN:46,constructor
FN:72,oracleRequest
FN:108,fulfillOracleRequest
FN:133,cancelOracleRequest
FN:157,getChainlinkToken
FN:167,isValidRequest
FN:179,checkCallbackAddress
FNF:7
FNH:6
FNDA:99,constructor
FNDA:59,oracleRequest
FNDA:58,fulfillOracleRequest
FNDA:0,cancelOracleRequest
FNDA:118,getChainlinkToken
FNDA:58,isValidRequest
FNDA:59,checkCallbackAddress
DA:47,99
DA:73,59
DA:74,59
DA:79,59
DA:81,59
DA:83,59
DA:109,58
DA:110,58
DA:111,58
DA:118,58
DA:121,58
DA:139,0
DA:144,0
DA:146,0
DA:147,0
DA:149,0
DA:158,118
DA:168,58
DA:172,58
DA:180,59
DA:181,59
LF:21
LH:16
BRDA:72,1,0,59
BRDA:72,1,1,0
BRDA:72,2,0,59
BRDA:72,2,1,0
BRDA:74,3,0,59
BRDA:74,3,1,0
BRDA:108,4,0,58
BRDA:108,4,1,0
BRDA:111,5,0,58
BRDA:111,5,1,0
BRDA:139,6,0,0
BRDA:139,6,1,0
BRDA:144,7,0,0
BRDA:144,7,1,0
BRDA:168,8,0,58
BRDA:168,8,1,0
BRDA:180,9,0,59
BRDA:180,9,1,0
BRF:18
BRH:7
end_of_record
TN:
SF:/Users/nhutdang/Desktop/openeden/ERC4626/contracts/mock/doubleQueueTest.sol
FN:10,pushBack
FN:15,popAll
FN:22,getByIndex
FN:29,getLength
FNF:4
FNH:0
FNDA:0,pushBack
FNDA:0,popAll
FNDA:0,getByIndex
FNDA:0,getLength
DA:11,0
DA:12,0
DA:16,0
DA:17,0
DA:18,0
DA:25,0
DA:26,0
DA:30,0
LF:8
LH:0
BRF:0
BRH:0
end_of_record
TN:
SF:/Users/nhutdang/Desktop/openeden/ERC4626/contracts/mock/Operator.sol
FN:33,add
FN:49,sub
FN:65,mul
FN:90,div
FN:110,mod
FN:143,isContract
FN:172,sendValue
FN:204,functionCall
FN:217,functionCall
FN:236,functionCallWithValue
FN:256,functionCallWithValue
FN:281,functionStaticCall
FN:299,functionStaticCall
FN:317,functionDelegateCall
FN:335,functionDelegateCall
FN:347,_verifyCallResult
FN:544,constructor
FN:557,transferOwnership
FN:564,acceptOwnership
FN:577,owner
FN:584,_transferOwnership
FN:595,_validateOwnership
FN:602,onlyOwner
FN:619,constructor
FN:639,onTokenTransfer
FN:664,validateFromLINK
FN:673,permittedFunctionsForLINK
FN:712,setAuthorizedSenders
FN:732,getAuthorizedSenders
FN:746,isAuthorizedSender
FN:761,_validateIsAuthorizedSender
FN:768,validateAuthorizedSender
FN:776,validateAuthorizedSenderSetter
FN:858,constructor
FN:866,typeAndVersion
FN:892,oracleRequest
FN:937,operatorRequest
FN:987,fulfillOracleRequest
FN:1038,fulfillOracleRequest2
FN:1073,transferOwnableContracts
FN:1089,acceptOwnableContracts
FN:1105,setAuthorizedSendersOn
FN:1126,acceptAuthorizedReceivers
FN:1144,withdraw
FN:1154,withdrawable
FN:1172,ownerForward
FN:1193,ownerTransferAndCall
FN:1208,distributeFunds
FN:1235,cancelOracleRequest
FN:1270,cancelOracleRequestByRequester
FN:1301,getChainlinkToken
FN:1309,_validateTokenTransferAction
FN:1341,_verifyAndProcessOracleRequest
FN:1373,_verifyOracleRequestAndProcessPayment
FN:1408,_buildParamsHash
FN:1432,_safeCastToUint8
FN:1441,_fundsAvailable
FN:1450,_canSetAuthorizedSenders
FN:1461,validateMultiWordResponseId
FN:1478,validateAvailableFunds
FN:1490,validateRequestId
FN:1502,validateNotToLINK
FN:1510,validateCallbackAddress
FNF:63
FNH:0
FNDA:0,add
FNDA:0,sub
FNDA:0,mul
FNDA:0,div
FNDA:0,mod
FNDA:0,isContract
FNDA:0,sendValue
FNDA:0,functionCall
FNDA:0,functionCall
FNDA:0,functionCallWithValue
FNDA:0,functionCallWithValue
FNDA:0,functionStaticCall
FNDA:0,functionStaticCall
FNDA:0,functionDelegateCall
FNDA:0,functionDelegateCall
FNDA:0,_verifyCallResult
FNDA:0,constructor
FNDA:0,transferOwnership
FNDA:0,acceptOwnership
FNDA:0,owner
FNDA:0,_transferOwnership
FNDA:0,_validateOwnership
FNDA:0,onlyOwner
FNDA:0,constructor
FNDA:0,onTokenTransfer
FNDA:0,validateFromLINK
FNDA:0,permittedFunctionsForLINK
FNDA:0,setAuthorizedSenders
FNDA:0,getAuthorizedSenders
FNDA:0,isAuthorizedSender
FNDA:0,_validateIsAuthorizedSender
FNDA:0,validateAuthorizedSender
FNDA:0,validateAuthorizedSenderSetter
FNDA:0,constructor
FNDA:0,typeAndVersion
FNDA:0,oracleRequest
FNDA:0,operatorRequest
FNDA:0,fulfillOracleRequest
FNDA:0,fulfillOracleRequest2
FNDA:0,transferOwnableContracts
FNDA:0,acceptOwnableContracts
FNDA:0,setAuthorizedSendersOn
FNDA:0,acceptAuthorizedReceivers
FNDA:0,withdraw
FNDA:0,withdrawable
FNDA:0,ownerForward
FNDA:0,ownerTransferAndCall
FNDA:0,distributeFunds
FNDA:0,cancelOracleRequest
FNDA:0,cancelOracleRequestByRequester
FNDA:0,getChainlinkToken
FNDA:0,_validateTokenTransferAction
FNDA:0,_verifyAndProcessOracleRequest
FNDA:0,_verifyOracleRequestAndProcessPayment
FNDA:0,_buildParamsHash
FNDA:0,_safeCastToUint8
FNDA:0,_fundsAvailable
FNDA:0,_canSetAuthorizedSenders
FNDA:0,validateMultiWordResponseId
FNDA:0,validateAvailableFunds
FNDA:0,validateRequestId
FNDA:0,validateNotToLINK
FNDA:0,validateCallbackAddress
DA:34,0
DA:35,0
DA:37,0
DA:50,0
DA:51,0
DA:53,0
DA:69,0
DA:70,0
DA:73,0
DA:74,0
DA:76,0
DA:92,0
DA:93,0
DA:96,0
DA:111,0
DA:112,0
DA:148,0
DA:150,0
DA:153,0
DA:173,0
DA:179,0
DA:180,0
DA:208,0
DA:222,0
DA:241,0
DA:262,0
DA:266,0
DA:269,0
DA:272,0
DA:285,0
DA:304,0
DA:307,0
DA:308,0
DA:321,0
DA:340,0
DA:343,0
DA:344,0
DA:352,0
DA:353,0
DA:356,0
DA:360,0
DA:365,0
DA:545,0
DA:547,0
DA:548,0
DA:549,0
DA:558,0
DA:565,0
DA:567,0
DA:568,0
DA:569,0
DA:571,0
DA:578,0
DA:585,0
DA:587,0
DA:589,0
DA:596,0
DA:603,0
DA:604,0
DA:640,0
DA:647,0
DA:648,0
DA:665,0
DA:666,0
DA:674,0
DA:675,0
DA:679,0
DA:680,0
DA:713,0
DA:715,0
DA:716,0
DA:717,0
DA:720,0
DA:721,0
DA:724,0
DA:725,0
DA:738,0
DA:749,0
DA:762,0
DA:769,0
DA:770,0
DA:777,0
DA:778,0
DA:859,0
DA:867,0
DA:893,0
DA:904,0
DA:938,0
DA:949,0
DA:990,0
DA:998,0
DA:999,0
DA:1006,0
DA:1009,0
DA:1041,0
DA:1049,0
DA:1050,0
DA:1057,0
DA:1060,0
DA:1074,0
DA:1075,0
DA:1076,0
DA:1090,0
DA:1091,0
DA:1092,0
DA:1093,0
DA:1106,0
DA:1108,0
DA:1109,0
DA:1127,0
DA:1128,0
DA:1146,0
DA:1160,0
DA:1173,0
DA:1174,0
DA:1175,0
DA:1196,0
DA:1212,0
DA:1216,0
DA:1217,0
DA:1218,0
DA:1219,0
DA:1220,0
DA:1222,0
DA:1241,0
DA:1247,0
DA:1252,0
DA:1254,0
DA:1255,0
DA:1257,0
DA:1276,0
DA:1277,0
DA:1283,0
DA:1288,0
DA:1290,0
DA:1291,0
DA:1293,0
DA:1302,0
DA:1313,0
DA:1317,0
DA:1344,0
DA:1345,0
DA:1350,0
DA:1351,0
DA:1357,0
DA:1361,0
DA:1362,0
DA:1381,0
DA:1387,0
DA:1391,0
DA:1396,0
DA:1397,0
DA:1414,0
DA:1433,0
DA:1434,0
DA:1442,0
DA:1443,0
DA:1451,0
DA:1465,0
DA:1466,0
DA:1467,0
DA:1470,0
DA:1471,0
DA:1479,0
DA:1483,0
DA:1491,0
DA:1495,0
DA:1503,0
DA:1504,0
DA:1511,0
DA:1512,0
LF:171
LH:0
BRDA:35,1,0,0
BRDA:35,1,1,0
BRDA:50,2,0,0
BRDA:50,2,1,0
BRDA:69,3,0,0
BRDA:69,3,1,0
BRDA:74,4,0,0
BRDA:74,4,1,0
BRDA:92,5,0,0
BRDA:92,5,1,0
BRDA:111,6,0,0
BRDA:111,6,1,0
BRDA:173,7,0,0
BRDA:173,7,1,0
BRDA:180,8,0,0
BRDA:180,8,1,0
BRDA:262,9,0,0
BRDA:262,9,1,0
BRDA:266,10,0,0
BRDA:266,10,1,0
BRDA:304,11,0,0
BRDA:304,11,1,0
BRDA:340,12,0,0
BRDA:340,12,1,0
BRDA:352,13,0,0
BRDA:352,13,1,0
BRDA:356,14,0,0
BRDA:356,14,1,0
BRDA:545,15,0,0
BRDA:545,15,1,0
BRDA:548,16,0,0
BRDA:548,16,1,0
BRDA:557,17,0,0
BRDA:557,17,1,0
BRDA:565,18,0,0
BRDA:565,18,1,0
BRDA:585,19,0,0
BRDA:585,19,1,0
BRDA:596,20,0,0
BRDA:596,20,1,0
BRDA:639,21,0,0
BRDA:639,21,1,0
BRDA:639,22,0,0
BRDA:639,22,1,0
BRDA:648,23,0,0
BRDA:648,23,1,0
BRDA:665,24,0,0
BRDA:665,24,1,0
BRDA:712,25,0,0
BRDA:712,25,1,0
BRDA:713,26,0,0
BRDA:713,26,1,0
BRDA:762,27,0,0
BRDA:762,27,1,0
BRDA:777,28,0,0
BRDA:777,28,1,0
BRDA:892,29,0,0
BRDA:892,29,1,0
BRDA:937,30,0,0
BRDA:937,30,1,0
BRDA:985,31,0,0
BRDA:985,31,1,0
BRDA:986,32,0,0
BRDA:986,32,1,0
BRDA:987,33,0,0
BRDA:987,33,1,0
BRDA:999,34,0,0
BRDA:999,34,1,0
BRDA:1035,35,0,0
BRDA:1035,35,1,0
BRDA:1036,36,0,0
BRDA:1036,36,1,0
BRDA:1037,37,0,0
BRDA:1037,37,1,0
BRDA:1038,38,0,0
BRDA:1038,38,1,0
BRDA:1050,39,0,0
BRDA:1050,39,1,0
BRDA:1073,40,0,0
BRDA:1073,40,1,0
BRDA:1089,41,0,0
BRDA:1089,41,1,0
BRDA:1105,42,0,0
BRDA:1105,42,1,0
BRDA:1126,43,0,0
BRDA:1126,43,1,0
BRDA:1143,44,0,0
BRDA:1143,44,1,0
BRDA:1144,45,0,0
BRDA:1144,45,1,0
BRDA:1172,46,0,0
BRDA:1172,46,1,0
BRDA:1172,47,0,0
BRDA:1172,47,1,0
BRDA:1173,48,0,0
BRDA:1173,48,1,0
BRDA:1175,49,0,0
BRDA:1175,49,1,0
BRDA:1192,50,0,0
BRDA:1192,50,1,0
BRDA:1193,51,0,0
BRDA:1193,51,1,0
BRDA:1212,52,0,0
BRDA:1212,52,1,0
BRDA:1222,53,0,0
BRDA:1222,53,1,0
BRDA:1247,54,0,0
BRDA:1247,54,1,0
BRDA:1252,55,0,0
BRDA:1252,55,1,0
BRDA:1283,56,0,0
BRDA:1283,56,1,0
BRDA:1288,57,0,0
BRDA:1288,57,1,0
BRDA:1313,58,0,0
BRDA:1313,58,1,0
BRDA:1317,59,0,0
BRDA:1317,59,1,0
BRDA:1318,60,0,0
BRDA:1318,60,1,0
BRDA:1341,61,0,0
BRDA:1341,61,1,0
BRDA:1345,62,0,0
BRDA:1345,62,1,0
BRDA:1387,63,0,0
BRDA:1387,63,1,0
BRDA:1391,64,0,0
BRDA:1391,64,1,0
BRDA:1433,65,0,0
BRDA:1433,65,1,0
BRDA:1451,66,0,0
BRDA:1451,66,1,0
BRDA:1465,67,0,0
BRDA:1465,67,1,0
BRDA:1470,68,0,0
BRDA:1470,68,1,0
BRDA:1479,69,0,0
BRDA:1479,69,1,0
BRDA:1491,70,0,0
BRDA:1491,70,1,0
BRDA:1503,71,0,0
BRDA:1503,71,1,0
BRDA:1511,72,0,0
BRDA:1511,72,1,0
BRF:144
BRH:0
end_of_record
TN:
SF:/Users/nhutdang/Desktop/openeden/ERC4626/contracts/mock/USDC.sol
FN:7,constructor
FN:11,decimals
FNF:2
FNH:2
FNDA:99,constructor
FNDA:132,decimals
DA:8,99
DA:12,132
LF:2
LH:2
BRF:0
BRH:0
end_of_record
TN:
SF:/Users/nhutdang/Desktop/openeden/ERC4626/contracts/OpenEdenVault.sol
FN:47,onlyAdminOrOperator
FN:56,onlyAdmin
FN:61,onlyCaller
FN:76,initialize
FN:93,pause
FN:98,unpause
FN:103,setOplServiceProvider
FN:109,setTreasury
FN:125,deposit
FN:158,withdraw
FN:181,mint
FN:188,redeem
FN:197,requestUpdateEpoch
FN:209,processWithdrawalQueue
FN:223,txsFee
FN:232,fundTBillPurchase
FN:243,_convertToAssets
FN:254,_convertToShares
FN:266,previewDepositCustomize
FN:284,previewRedeemCustomize
FN:301,_validateDeposit
FN:328,_processDeposit
FN:361,_processWithdraw
FN:401,_validateWithdraw
FN:424,getUserEpochInfo
FN:442,getWithdrawalQueueInfo
FN:453,getWithdrawalQueueLength
FN:457,setMinTxsFee
FN:461,_setMinTxsFee
FN:470,_updateQueueWithdrawal
FN:481,_processWithdrawalQueue
FN:509,_updateEpochData
FN:521,_getServiceFee
FN:528,claimOnchainServiceFee
FN:540,claimOffchainServiceFee
FN:555,_beforeTokenTransfer
FN:578,_msgSender
FN:588,_msgData
FN:604,assetsAvailable
FN:608,onchainAssetsAvailable
FN:615,fulfill
FN:641,_getAssetBalance
FN:651,setChainlinkOracleAddress
FN:657,setChainlinkFee
FN:663,setChainlinkJobId
FN:669,setChainlinkURLData
FN:675,setPathToOffchainAssets
FN:681,setPathToTotalOffchainAssetAtLastClose
FNF:48
FNH:47
FNDA:34,onlyAdminOrOperator
FNDA:23,onlyAdmin
FNDA:85,onlyCaller
FNDA:33,initialize
FNDA:1,pause
FNDA:1,unpause
FNDA:2,setOplServiceProvider
FNDA:2,setTreasury
FNDA:44,deposit
FNDA:17,withdraw
FNDA:2,mint
FNDA:2,redeem
FNDA:8,requestUpdateEpoch
FNDA:3,processWithdrawalQueue
FNDA:49,txsFee
FNDA:6,fundTBillPurchase
FNDA:30,_convertToAssets
FNDA:45,_convertToShares
FNDA:2,previewDepositCustomize
FNDA:2,previewRedeemCustomize
FNDA:42,_validateDeposit
FNDA:37,_processDeposit
FNDA:13,_processWithdraw
FNDA:17,_validateWithdraw
FNDA:54,getUserEpochInfo
FNDA:4,getWithdrawalQueueInfo
FNDA:6,getWithdrawalQueueLength
FNDA:1,setMinTxsFee
FNDA:34,_setMinTxsFee
FNDA:5,_updateQueueWithdrawal
FNDA:1,_processWithdrawalQueue
FNDA:7,_updateEpochData
FNDA:14,_getServiceFee
FNDA:2,claimOnchainServiceFee
FNDA:2,claimOffchainServiceFee
FNDA:66,_beforeTokenTransfer
FNDA:291,_msgSender
FNDA:0,_msgData
FNDA:55,assetsAvailable
FNDA:62,onchainAssetsAvailable
FNDA:58,fulfill
FNDA:42,_getAssetBalance
FNDA:2,setChainlinkOracleAddress
FNDA:2,setChainlinkFee
FNDA:2,setChainlinkJobId
FNDA:2,setChainlinkURLData
FNDA:2,setPathToOffchainAssets
FNDA:2,setPathToTotalOffchainAssetAtLastClose
DA:48,34
DA:53,24
DA:57,23
DA:58,16
DA:62,85
DA:63,82
DA:77,33
DA:78,33
DA:80,33
DA:81,33
DA:83,33
DA:84,33
DA:85,33
DA:86,33
DA:88,33
DA:89,33
DA:94,1
DA:99,1
DA:104,2
DA:105,2
DA:110,2
DA:111,2
DA:129,44
DA:130,42
DA:132,42
DA:133,37
DA:141,37
DA:142,37
DA:162,17
DA:163,17
DA:165,17
DA:166,13
DA:174,13
DA:175,13
DA:182,2
DA:193,2
DA:198,8
DA:206,8
DA:210,3
DA:212,1
DA:220,1
DA:224,49
DA:225,49
DA:233,6
DA:234,5
DA:235,4
DA:240,4
DA:247,30
DA:248,30
DA:258,45
DA:260,45
DA:271,2
DA:272,2
DA:274,2
DA:289,2
DA:290,2
DA:291,2
DA:303,42
DA:305,42
DA:307,42
DA:309,42
DA:310,41
DA:311,40
DA:312,33
DA:315,39
DA:321,39
DA:322,38
DA:324,1
DA:333,37
DA:334,37
DA:337,37
DA:338,37
DA:340,37
DA:346,37
DA:347,32
DA:350,37
DA:351,37
DA:366,13
DA:367,13
DA:368,13
DA:370,13
DA:371,13
DA:374,13
DA:375,5
DA:376,5
DA:379,13
DA:380,12
DA:386,13
DA:387,5
DA:390,12
DA:391,12
DA:405,17
DA:406,16
DA:408,15
DA:409,15
DA:411,15
DA:417,15
DA:418,14
DA:420,1
DA:432,54
DA:433,54
DA:435,54
DA:439,54
DA:445,4
DA:446,2
DA:449,2
DA:450,2
DA:454,6
DA:458,1
DA:462,34
DA:463,34
DA:475,5
DA:476,5
DA:477,5
DA:478,4
DA:482,1
DA:483,2
DA:484,2
DA:489,2
DA:492,2
DA:493,1
DA:496,1
DA:497,1
DA:505,1
DA:510,7
DA:512,7
DA:515,7
DA:516,7
DA:518,7
DA:525,14
DA:529,2
DA:531,1
DA:532,1
DA:537,1
DA:541,2
DA:543,1
DA:544,1
DA:549,1
DA:563,66
DA:564,50
DA:567,16
DA:568,15
DA:570,14
DA:571,2
DA:572,2
DA:574,4
DA:585,291
DA:595,0
DA:605,55
DA:609,62
DA:618,58
DA:620,58
DA:623,58
DA:624,37
DA:626,13
DA:628,1
DA:630,7
DA:632,57
DA:642,42
DA:652,2
DA:658,2
DA:664,2
DA:670,2
DA:676,2
DA:682,2
LF:165
LH:164
BRDA:48,1,0,24
BRDA:48,1,1,10
BRDA:49,2,0,15
BRDA:49,2,1,9
BRDA:62,3,0,82
BRDA:62,3,1,3
BRDA:76,4,0,33
BRDA:76,4,1,0
BRDA:93,5,0,1
BRDA:93,5,1,1
BRDA:98,6,0,1
BRDA:98,6,1,1
BRDA:103,7,0,2
BRDA:103,7,1,1
BRDA:109,8,0,2
BRDA:109,8,1,1
BRDA:123,9,0,45
BRDA:123,9,1,1
BRDA:124,10,0,45
BRDA:124,10,1,0
BRDA:125,11,0,44
BRDA:125,11,1,1
BRDA:155,12,0,19
BRDA:155,12,1,1
BRDA:156,13,0,18
BRDA:156,13,1,1
BRDA:157,14,0,18
BRDA:157,14,1,0
BRDA:158,15,0,17
BRDA:158,15,1,1
BRDA:197,16,0,8
BRDA:197,16,1,1
BRDA:209,17,0,3
BRDA:209,17,1,2
BRDA:210,18,0,1
BRDA:210,18,1,2
BRDA:225,19,0,3
BRDA:225,19,1,46
BRDA:232,20,0,6
BRDA:232,20,1,1
BRDA:233,21,0,5
BRDA:233,21,1,1
BRDA:234,22,0,4
BRDA:234,22,1,1
BRDA:250,23,0,0
BRDA:250,23,1,30
BRDA:261,24,0,1
BRDA:261,24,1,19
BRDA:262,25,0,20
BRDA:262,25,1,25
BRDA:275,26,0,1
BRDA:275,26,1,1
BRDA:276,27,0,2
BRDA:276,27,1,0
BRDA:293,28,0,2
BRDA:293,28,1,0
BRDA:309,29,0,41
BRDA:309,29,1,1
BRDA:310,30,0,40
BRDA:310,30,1,1
BRDA:311,31,0,33
BRDA:311,31,1,7
BRDA:312,32,0,32
BRDA:312,32,1,1
BRDA:321,33,0,38
BRDA:321,33,1,1
BRDA:322,34,0,37
BRDA:322,34,1,1
BRDA:324,35,0,0
BRDA:324,35,1,1
BRDA:346,36,0,32
BRDA:346,36,1,5
BRDA:366,37,0,13
BRDA:366,37,1,0
BRDA:374,38,0,5
BRDA:374,38,1,8
BRDA:379,39,0,12
BRDA:379,39,1,1
BRDA:386,40,0,5
BRDA:386,40,1,8
BRDA:405,41,0,16
BRDA:405,41,1,1
BRDA:406,42,0,15
BRDA:406,42,1,1
BRDA:417,43,0,14
BRDA:417,43,1,1
BRDA:418,44,0,13
BRDA:418,44,1,1
BRDA:420,45,0,0
BRDA:420,45,1,1
BRDA:436,46,0,52
BRDA:436,46,1,2
BRDA:445,47,0,2
BRDA:445,47,1,2
BRDA:445,48,0,1
BRDA:445,48,1,1
BRDA:457,49,0,1
BRDA:457,49,1,1
BRDA:492,50,0,1
BRDA:492,50,1,1
BRDA:528,51,0,2
BRDA:528,51,1,1
BRDA:529,52,0,1
BRDA:529,52,1,1
BRDA:540,53,0,2
BRDA:540,53,1,1
BRDA:541,54,0,1
BRDA:541,54,1,1
BRDA:563,55,0,50
BRDA:563,55,1,16
BRDA:563,56,0,37
BRDA:563,56,1,13
BRDA:570,57,0,2
BRDA:570,57,1,12
BRDA:573,58,0,4
BRDA:573,58,1,8
BRDA:615,59,0,58
BRDA:615,59,1,0
BRDA:623,60,0,37
BRDA:623,60,1,21
BRDA:625,61,0,13
BRDA:625,61,1,8
BRDA:627,62,0,1
BRDA:627,62,1,7
BRDA:629,63,0,7
BRDA:629,63,1,0
BRDA:651,64,0,2
BRDA:651,64,1,1
BRDA:657,65,0,2
BRDA:657,65,1,1
BRDA:663,66,0,2
BRDA:663,66,1,1
BRDA:669,67,0,2
BRDA:669,67,1,1
BRDA:675,68,0,2
BRDA:675,68,1,1
BRDA:681,69,0,2
BRDA:681,69,1,1
BRF:138
BRH:127
end_of_record
